[35m[1mScanning dependencies of target cisst_ros_bridge[0m
[ 16%] [32mBuilding CXX object CMakeFiles/cisst_ros_bridge.dir/src/mtsROSBridge.cpp.o[0m
[ 33%] [32mBuilding CXX object CMakeFiles/cisst_ros_bridge.dir/src/mtsCISSTToROS.cpp.o[0m
In file included from [01m[K/home/hands/ros_ws/src/cisst-saw/cisst-ros/cisst_ros_bridge/src/mtsCISSTToROS.cpp:19[m[K:
/home/hands/ros_ws/src/cisst-saw/cisst-ros/cisst_ros_bridge/include/cisst_ros_bridge/mtsCISSTToROS.h: In instantiation of ‘[01m[Kbool mtsCISSTToROSHeader(const _cisstType&, _rosType&, const string&) [with _cisstType = prmEventButton; _rosType = cisst_msgs::BoolStamped_<std::allocator<void> >; std::string = std::__cxx11::basic_string<char>][m[K’:
[01m[K/home/hands/ros_ws/src/cisst-saw/cisst-ros/cisst_ros_bridge/src/mtsCISSTToROS.cpp:102:58:[m[K   required from here
[01m[K/home/hands/ros_ws/src/cisst-saw/cisst-ros/cisst_ros_bridge/include/cisst_ros_bridge/mtsCISSTToROS.h:121:7:[m[K [01;35m[Kwarning: [m[Kcatching polymorphic type ‘[01m[Kclass std::exception[m[K’ by value [[01;35m[K-Wcatch-value=[m[K]
  121 |     } [01;35m[Kcatch[m[K (std::exception e) {
      |       [01;35m[K^~~~~[m[K
/home/hands/ros_ws/src/cisst-saw/cisst-ros/cisst_ros_bridge/include/cisst_ros_bridge/mtsCISSTToROS.h: In instantiation of ‘[01m[Kbool mtsCISSTToROSHeader(const _cisstType&, _rosType&, const string&) [with _cisstType = prmEventButton; _rosType = sensor_msgs::Joy_<std::allocator<void> >; std::string = std::__cxx11::basic_string<char>][m[K’:
[01m[K/home/hands/ros_ws/src/cisst-saw/cisst-ros/cisst_ros_bridge/src/mtsCISSTToROS.cpp:118:58:[m[K   required from here
[01m[K/home/hands/ros_ws/src/cisst-saw/cisst-ros/cisst_ros_bridge/include/cisst_ros_bridge/mtsCISSTToROS.h:121:7:[m[K [01;35m[Kwarning: [m[Kcatching polymorphic type ‘[01m[Kclass std::exception[m[K’ by value [[01;35m[K-Wcatch-value=[m[K]
/home/hands/ros_ws/src/cisst-saw/cisst-ros/cisst_ros_bridge/include/cisst_ros_bridge/mtsCISSTToROS.h: In instantiation of ‘[01m[Kbool mtsCISSTToROSHeader(const _cisstType&, _rosType&, const string&) [with _cisstType = prmPositionCartesianGet; _rosType = geometry_msgs::TransformStamped_<std::allocator<void> >; std::string = std::__cxx11::basic_string<char>][m[K’:
[01m[K/home/hands/ros_ws/src/cisst-saw/cisst-ros/cisst_ros_bridge/src/mtsCISSTToROS.cpp:181:58:[m[K   required from here
[01m[K/home/hands/ros_ws/src/cisst-saw/cisst-ros/cisst_ros_bridge/include/cisst_ros_bridge/mtsCISSTToROS.h:121:7:[m[K [01;35m[Kwarning: [m[Kcatching polymorphic type ‘[01m[Kclass std::exception[m[K’ by value [[01;35m[K-Wcatch-value=[m[K]
/home/hands/ros_ws/src/cisst-saw/cisst-ros/cisst_ros_bridge/include/cisst_ros_bridge/mtsCISSTToROS.h: In instantiation of ‘[01m[Kbool mtsCISSTToROSHeader(const _cisstType&, _rosType&, const string&) [with _cisstType = prmPositionCartesianGet; _rosType = geometry_msgs::PoseStamped_<std::allocator<void> >; std::string = std::__cxx11::basic_string<char>][m[K’:
[01m[K/home/hands/ros_ws/src/cisst-saw/cisst-ros/cisst_ros_bridge/src/mtsCISSTToROS.cpp:200:58:[m[K   required from here
[01m[K/home/hands/ros_ws/src/cisst-saw/cisst-ros/cisst_ros_bridge/include/cisst_ros_bridge/mtsCISSTToROS.h:121:7:[m[K [01;35m[Kwarning: [m[Kcatching polymorphic type ‘[01m[Kclass std::exception[m[K’ by value [[01;35m[K-Wcatch-value=[m[K]
/home/hands/ros_ws/src/cisst-saw/cisst-ros/cisst_ros_bridge/include/cisst_ros_bridge/mtsCISSTToROS.h: In instantiation of ‘[01m[Kbool mtsCISSTToROSHeader(const _cisstType&, _rosType&, const string&) [with _cisstType = prmPositionCartesianArrayGet; _rosType = geometry_msgs::PoseArray_<std::allocator<void> >; std::string = std::__cxx11::basic_string<char>][m[K’:
[01m[K/home/hands/ros_ws/src/cisst-saw/cisst-ros/cisst_ros_bridge/src/mtsCISSTToROS.cpp:211:58:[m[K   required from here
[01m[K/home/hands/ros_ws/src/cisst-saw/cisst-ros/cisst_ros_bridge/include/cisst_ros_bridge/mtsCISSTToROS.h:121:7:[m[K [01;35m[Kwarning: [m[Kcatching polymorphic type ‘[01m[Kclass std::exception[m[K’ by value [[01;35m[K-Wcatch-value=[m[K]
/home/hands/ros_ws/src/cisst-saw/cisst-ros/cisst_ros_bridge/include/cisst_ros_bridge/mtsCISSTToROS.h: In instantiation of ‘[01m[Kbool mtsCISSTToROSHeader(const _cisstType&, _rosType&, const string&) [with _cisstType = prmPositionCartesianSet; _rosType = geometry_msgs::TransformStamped_<std::allocator<void> >; std::string = std::__cxx11::basic_string<char>][m[K’:
[01m[K/home/hands/ros_ws/src/cisst-saw/cisst-ros/cisst_ros_bridge/src/mtsCISSTToROS.cpp:273:58:[m[K   required from here
[01m[K/home/hands/ros_ws/src/cisst-saw/cisst-ros/cisst_ros_bridge/include/cisst_ros_bridge/mtsCISSTToROS.h:121:7:[m[K [01;35m[Kwarning: [m[Kcatching polymorphic type ‘[01m[Kclass std::exception[m[K’ by value [[01;35m[K-Wcatch-value=[m[K]
/home/hands/ros_ws/src/cisst-saw/cisst-ros/cisst_ros_bridge/include/cisst_ros_bridge/mtsCISSTToROS.h: In instantiation of ‘[01m[Kbool mtsCISSTToROSHeader(const _cisstType&, _rosType&, const string&) [with _cisstType = mtsDoubleFrm4x4; _rosType = geometry_msgs::TransformStamped_<std::allocator<void> >; std::string = std::__cxx11::basic_string<char>][m[K’:
[01m[K/home/hands/ros_ws/src/cisst-saw/cisst-ros/cisst_ros_bridge/src/mtsCISSTToROS.cpp:283:58:[m[K   required from here
[01m[K/home/hands/ros_ws/src/cisst-saw/cisst-ros/cisst_ros_bridge/include/cisst_ros_bridge/mtsCISSTToROS.h:121:7:[m[K [01;35m[Kwarning: [m[Kcatching polymorphic type ‘[01m[Kclass std::exception[m[K’ by value [[01;35m[K-Wcatch-value=[m[K]
/home/hands/ros_ws/src/cisst-saw/cisst-ros/cisst_ros_bridge/include/cisst_ros_bridge/mtsCISSTToROS.h: In instantiation of ‘[01m[Kbool mtsCISSTToROSHeader(const _cisstType&, _rosType&, const string&) [with _cisstType = mtsVector<double>; _rosType = geometry_msgs::WrenchStamped_<std::allocator<void> >; std::string = std::__cxx11::basic_string<char>][m[K’:
[01m[K/home/hands/ros_ws/src/cisst-saw/cisst-ros/cisst_ros_bridge/src/mtsCISSTToROS.cpp:358:54:[m[K   required from here
[01m[K/home/hands/ros_ws/src/cisst-saw/cisst-ros/cisst_ros_bridge/include/cisst_ros_bridge/mtsCISSTToROS.h:121:7:[m[K [01;35m[Kwarning: [m[Kcatching polymorphic type ‘[01m[Kclass std::exception[m[K’ by value [[01;35m[K-Wcatch-value=[m[K]
/home/hands/ros_ws/src/cisst-saw/cisst-ros/cisst_ros_bridge/include/cisst_ros_bridge/mtsCISSTToROS.h: In instantiation of ‘[01m[Kbool mtsCISSTToROSHeader(const _cisstType&, _rosType&, const string&) [with _cisstType = mtsVector<double>; _rosType = geometry_msgs::Vector3Stamped_<std::allocator<void> >; std::string = std::__cxx11::basic_string<char>][m[K’:
[01m[K/home/hands/ros_ws/src/cisst-saw/cisst-ros/cisst_ros_bridge/src/mtsCISSTToROS.cpp:378:58:[m[K   required from here
[01m[K/home/hands/ros_ws/src/cisst-saw/cisst-ros/cisst_ros_bridge/include/cisst_ros_bridge/mtsCISSTToROS.h:121:7:[m[K [01;35m[Kwarning: [m[Kcatching polymorphic type ‘[01m[Kclass std::exception[m[K’ by value [[01;35m[K-Wcatch-value=[m[K]
/home/hands/ros_ws/src/cisst-saw/cisst-ros/cisst_ros_bridge/include/cisst_ros_bridge/mtsCISSTToROS.h: In instantiation of ‘[01m[Kbool mtsCISSTToROSHeader(const _cisstType&, _rosType&, const string&) [with _cisstType = prmVelocityCartesianGet; _rosType = geometry_msgs::TwistStamped_<std::allocator<void> >; std::string = std::__cxx11::basic_string<char>][m[K’:
[01m[K/home/hands/ros_ws/src/cisst-saw/cisst-ros/cisst_ros_bridge/src/mtsCISSTToROS.cpp:404:58:[m[K   required from here
[01m[K/home/hands/ros_ws/src/cisst-saw/cisst-ros/cisst_ros_bridge/include/cisst_ros_bridge/mtsCISSTToROS.h:121:7:[m[K [01;35m[Kwarning: [m[Kcatching polymorphic type ‘[01m[Kclass std::exception[m[K’ by value [[01;35m[K-Wcatch-value=[m[K]
/home/hands/ros_ws/src/cisst-saw/cisst-ros/cisst_ros_bridge/include/cisst_ros_bridge/mtsCISSTToROS.h: In instantiation of ‘[01m[Kbool mtsCISSTToROSHeader(const _cisstType&, _rosType&, const string&) [with _cisstType = prmForceCartesianGet; _rosType = geometry_msgs::WrenchStamped_<std::allocator<void> >; std::string = std::__cxx11::basic_string<char>][m[K’:
[01m[K/home/hands/ros_ws/src/cisst-saw/cisst-ros/cisst_ros_bridge/src/mtsCISSTToROS.cpp:430:58:[m[K   required from here
[01m[K/home/hands/ros_ws/src/cisst-saw/cisst-ros/cisst_ros_bridge/include/cisst_ros_bridge/mtsCISSTToROS.h:121:7:[m[K [01;35m[Kwarning: [m[Kcatching polymorphic type ‘[01m[Kclass std::exception[m[K’ by value [[01;35m[K-Wcatch-value=[m[K]
/home/hands/ros_ws/src/cisst-saw/cisst-ros/cisst_ros_bridge/include/cisst_ros_bridge/mtsCISSTToROS.h: In instantiation of ‘[01m[Kbool mtsCISSTToROSHeader(const _cisstType&, _rosType&, const string&) [with _cisstType = prmPositionJointGet; _rosType = sensor_msgs::JointState_<std::allocator<void> >; std::string = std::__cxx11::basic_string<char>][m[K’:
[01m[K/home/hands/ros_ws/src/cisst-saw/cisst-ros/cisst_ros_bridge/src/mtsCISSTToROS.cpp:458:58:[m[K   required from here
[01m[K/home/hands/ros_ws/src/cisst-saw/cisst-ros/cisst_ros_bridge/include/cisst_ros_bridge/mtsCISSTToROS.h:121:7:[m[K [01;35m[Kwarning: [m[Kcatching polymorphic type ‘[01m[Kclass std::exception[m[K’ by value [[01;35m[K-Wcatch-value=[m[K]
/home/hands/ros_ws/src/cisst-saw/cisst-ros/cisst_ros_bridge/include/cisst_ros_bridge/mtsCISSTToROS.h: In instantiation of ‘[01m[Kbool mtsCISSTToROSHeader(const _cisstType&, _rosType&, const string&) [with _cisstType = prmPositionJointSet; _rosType = sensor_msgs::JointState_<std::allocator<void> >; std::string = std::__cxx11::basic_string<char>][m[K’:
[01m[K/home/hands/ros_ws/src/cisst-saw/cisst-ros/cisst_ros_bridge/src/mtsCISSTToROS.cpp:476:58:[m[K   required from here
[01m[K/home/hands/ros_ws/src/cisst-saw/cisst-ros/cisst_ros_bridge/include/cisst_ros_bridge/mtsCISSTToROS.h:121:7:[m[K [01;35m[Kwarning: [m[Kcatching polymorphic type ‘[01m[Kclass std::exception[m[K’ by value [[01;35m[K-Wcatch-value=[m[K]
/home/hands/ros_ws/src/cisst-saw/cisst-ros/cisst_ros_bridge/include/cisst_ros_bridge/mtsCISSTToROS.h: In instantiation of ‘[01m[Kbool mtsCISSTToROSHeader(const _cisstType&, _rosType&, const string&) [with _cisstType = prmVelocityJointGet; _rosType = sensor_msgs::JointState_<std::allocator<void> >; std::string = std::__cxx11::basic_string<char>][m[K’:
[01m[K/home/hands/ros_ws/src/cisst-saw/cisst-ros/cisst_ros_bridge/src/mtsCISSTToROS.cpp:494:58:[m[K   required from here
[01m[K/home/hands/ros_ws/src/cisst-saw/cisst-ros/cisst_ros_bridge/include/cisst_ros_bridge/mtsCISSTToROS.h:121:7:[m[K [01;35m[Kwarning: [m[Kcatching polymorphic type ‘[01m[Kclass std::exception[m[K’ by value [[01;35m[K-Wcatch-value=[m[K]
/home/hands/ros_ws/src/cisst-saw/cisst-ros/cisst_ros_bridge/include/cisst_ros_bridge/mtsCISSTToROS.h: In instantiation of ‘[01m[Kbool mtsCISSTToROSHeader(const _cisstType&, _rosType&, const string&) [with _cisstType = prmStateJoint; _rosType = sensor_msgs::JointState_<std::allocator<void> >; std::string = std::__cxx11::basic_string<char>][m[K’:
[01m[K/home/hands/ros_ws/src/cisst-saw/cisst-ros/cisst_ros_bridge/src/mtsCISSTToROS.cpp:512:58:[m[K   required from here
[01m[K/home/hands/ros_ws/src/cisst-saw/cisst-ros/cisst_ros_bridge/include/cisst_ros_bridge/mtsCISSTToROS.h:121:7:[m[K [01;35m[Kwarning: [m[Kcatching polymorphic type ‘[01m[Kclass std::exception[m[K’ by value [[01;35m[K-Wcatch-value=[m[K]
/home/hands/ros_ws/src/cisst-saw/cisst-ros/cisst_ros_bridge/include/cisst_ros_bridge/mtsCISSTToROS.h: In instantiation of ‘[01m[Kbool mtsCISSTToROSHeader(const _cisstType&, _rosType&, const string&) [with _cisstType = prmInputData; _rosType = sensor_msgs::Joy_<std::allocator<void> >; std::string = std::__cxx11::basic_string<char>][m[K’:
[01m[K/home/hands/ros_ws/src/cisst-saw/cisst-ros/cisst_ros_bridge/src/mtsCISSTToROS.cpp:585:58:[m[K   required from here
[01m[K/home/hands/ros_ws/src/cisst-saw/cisst-ros/cisst_ros_bridge/include/cisst_ros_bridge/mtsCISSTToROS.h:121:7:[m[K [01;35m[Kwarning: [m[Kcatching polymorphic type ‘[01m[Kclass std::exception[m[K’ by value [[01;35m[K-Wcatch-value=[m[K]
/home/hands/ros_ws/src/cisst-saw/cisst-ros/cisst_ros_bridge/include/cisst_ros_bridge/mtsCISSTToROS.h: In instantiation of ‘[01m[Kbool mtsCISSTToROSHeader(const _cisstType&, _rosType&, const string&) [with _cisstType = prmPositionJointGet; _rosType = cisst_msgs::vctDoubleVec_<std::allocator<void> >; std::string = std::__cxx11::basic_string<char>][m[K’:
[01m[K/home/hands/ros_ws/src/cisst-saw/cisst-ros/cisst_ros_bridge/src/mtsCISSTToROS.cpp:634:58:[m[K   required from here
[01m[K/home/hands/ros_ws/src/cisst-saw/cisst-ros/cisst_ros_bridge/include/cisst_ros_bridge/mtsCISSTToROS.h:121:7:[m[K [01;35m[Kwarning: [m[Kcatching polymorphic type ‘[01m[Kclass std::exception[m[K’ by value [[01;35m[K-Wcatch-value=[m[K]
/home/hands/ros_ws/src/cisst-saw/cisst-ros/cisst_ros_bridge/include/cisst_ros_bridge/mtsCISSTToROS.h: In instantiation of ‘[01m[Kbool mtsCISSTToROSHeader(const _cisstType&, _rosType&, const string&) [with _cisstType = prmCartesianImpedanceGains; _rosType = cisst_msgs::prmCartesianImpedanceGains_<std::allocator<void> >; std::string = std::__cxx11::basic_string<char>][m[K’:
[01m[K/home/hands/ros_ws/src/cisst-saw/cisst-ros/cisst_ros_bridge/src/mtsCISSTToROS.cpp:661:58:[m[K   required from here
[01m[K/home/hands/ros_ws/src/cisst-saw/cisst-ros/cisst_ros_bridge/include/cisst_ros_bridge/mtsCISSTToROS.h:121:7:[m[K [01;35m[Kwarning: [m[Kcatching polymorphic type ‘[01m[Kclass std::exception[m[K’ by value [[01;35m[K-Wcatch-value=[m[K]
/home/hands/ros_ws/src/cisst-saw/cisst-ros/cisst_ros_bridge/include/cisst_ros_bridge/mtsCISSTToROS.h: In instantiation of ‘[01m[Kbool mtsCISSTToROSHeader(const _cisstType&, _rosType&, const string&) [with _cisstType = mtsIntervalStatistics; _rosType = cisst_msgs::mtsIntervalStatistics_<std::allocator<void> >; std::string = std::__cxx11::basic_string<char>][m[K’:
[01m[K/home/hands/ros_ws/src/cisst-saw/cisst-ros/cisst_ros_bridge/src/mtsCISSTToROS.cpp:715:58:[m[K   required from here
[01m[K/home/hands/ros_ws/src/cisst-saw/cisst-ros/cisst_ros_bridge/include/cisst_ros_bridge/mtsCISSTToROS.h:121:7:[m[K [01;35m[Kwarning: [m[Kcatching polymorphic type ‘[01m[Kclass std::exception[m[K’ by value [[01;35m[K-Wcatch-value=[m[K]
[ 50%] [32mBuilding CXX object CMakeFiles/cisst_ros_bridge.dir/src/mtsROSToCISST.cpp.o[0m
[ 66%] [32m[1mLinking CXX shared library /home/hands/ros_ws/devel/.private/cisst_ros_bridge/lib/libcisst_ros_bridge.so[0m
[ 66%] Built target cisst_ros_bridge
[35m[1mScanning dependencies of target example_bridge[0m
[ 83%] [32mBuilding CXX object CMakeFiles/example_bridge.dir/example/main.cpp.o[0m
[100%] [32m[1mLinking CXX executable /home/hands/ros_ws/devel/.private/cisst_ros_bridge/lib/cisst_ros_bridge/example_bridge[0m
[100%] Built target example_bridge
