[35m[1mScanning dependencies of target sawControllers[0m
[  7%] [32mBuilding CXX object CMakeFiles/sawControllers.dir/code/osaGravityCompensation.cpp.o[0m
[ 15%] [32mBuilding CXX object CMakeFiles/sawControllers.dir/code/osaPDGC.cpp.o[0m
[ 23%] [32mBuilding CXX object CMakeFiles/sawControllers.dir/code/osaPIDAntiWindup.cpp.o[0m
[ 30%] [32mBuilding CXX object CMakeFiles/sawControllers.dir/code/osaCartesianImpedanceController.cpp.o[0m
[35m[1mScanning dependencies of target sawControllersQt_autogen[0m
[ 38%] [34m[1mAutomatic MOC for target sawControllersQt[0m
[ 38%] Built target sawControllersQt_autogen
[35m[1mScanning dependencies of target sawControllersQt[0m
[ 46%] [32mBuilding CXX object code/Qt/CMakeFiles/sawControllersQt.dir/sawControllersQt_autogen/mocs_compilation.cpp.o[0m
[ 53%] [32mBuilding CXX object CMakeFiles/sawControllers.dir/code/mtsController.cpp.o[0m
[ 61%] [32mBuilding CXX object CMakeFiles/sawControllers.dir/code/mtsGravityCompensation.cpp.o[0m
[ 69%] [32mBuilding CXX object code/Qt/CMakeFiles/sawControllersQt.dir/mtsPIDQtWidget.cpp.o[0m
[ 76%] [32mBuilding CXX object CMakeFiles/sawControllers.dir/code/mtsPDGC.cpp.o[0m
[ 84%] [32mBuilding CXX object CMakeFiles/sawControllers.dir/code/mtsPID.cpp.o[0m
[ 92%] [32m[1mLinking CXX shared library ../../lib/libsawControllersQt.so[0m
[01m[K/home/hands/ros_ws/src/cisst-saw/sawControllers/components/code/mtsPID.cpp:[m[K In member function ‘[01m[Kvirtual void mtsPID::Configure(const string&)[m[K’:
[01m[K/home/hands/ros_ws/src/cisst-saw/sawControllers/components/code/mtsPID.cpp:238:23:[m[K [01;35m[Kwarning: [m[Kcomparison of integer expressions of different signedness: ‘[01m[Kint[m[K’ and ‘[01m[Ksize_t[m[K’ {aka ‘[01m[Klong unsigned int[m[K’} [[01;35m[K-Wsign-compare[m[K]
  238 |     for (int i = 0; [01;35m[Ki < mNumberOfJoints[m[K; i++) {
      |                     [01;35m[K~~^~~~~~~~~~~~~~~~~[m[K
[ 92%] Built target sawControllersQt
[100%] [32m[1mLinking CXX shared library lib/libsawControllers.so[0m
[100%] Built target sawControllers
