[35m[1mScanning dependencies of target _cisst_msgs_generate_messages_check_deps_QueryForwardKinematics[0m
[  0%] Built target _cisst_msgs_generate_messages_check_deps_QueryForwardKinematics
[35m[1mScanning dependencies of target geometry_msgs_generate_messages_cpp[0m
[  0%] Built target geometry_msgs_generate_messages_cpp
[35m[1mScanning dependencies of target sensor_msgs_generate_messages_cpp[0m
[  0%] Built target sensor_msgs_generate_messages_cpp
[35m[1mScanning dependencies of target std_msgs_generate_messages_cpp[0m
[  0%] Built target std_msgs_generate_messages_cpp
[35m[1mScanning dependencies of target _cisst_msgs_generate_messages_check_deps_vctDoubleVec[0m
[  0%] Built target _cisst_msgs_generate_messages_check_deps_vctDoubleVec
[35m[1mScanning dependencies of target _cisst_msgs_generate_messages_check_deps_mtsIntervalStatistics[0m
[  0%] Built target _cisst_msgs_generate_messages_check_deps_mtsIntervalStatistics
[35m[1mScanning dependencies of target _cisst_msgs_generate_messages_check_deps_BoolStamped[0m
[  0%] Built target _cisst_msgs_generate_messages_check_deps_BoolStamped
[35m[1mScanning dependencies of target _cisst_msgs_generate_messages_check_deps_prmCartesianImpedanceGains[0m
[  0%] Built target _cisst_msgs_generate_messages_check_deps_prmCartesianImpedanceGains
[35m[1mScanning dependencies of target _cisst_msgs_generate_messages_check_deps_StringStamped[0m
[  0%] Built target _cisst_msgs_generate_messages_check_deps_StringStamped
[35m[1mScanning dependencies of target std_msgs_generate_messages_py[0m
[  0%] Built target std_msgs_generate_messages_py
[35m[1mScanning dependencies of target sensor_msgs_generate_messages_py[0m
[  0%] Built target sensor_msgs_generate_messages_py
[35m[1mScanning dependencies of target geometry_msgs_generate_messages_py[0m
[  0%] Built target geometry_msgs_generate_messages_py
[35m[1mScanning dependencies of target std_msgs_generate_messages_lisp[0m
[  0%] Built target std_msgs_generate_messages_lisp
[35m[1mScanning dependencies of target geometry_msgs_generate_messages_lisp[0m
[  0%] Built target geometry_msgs_generate_messages_lisp
[35m[1mScanning dependencies of target sensor_msgs_generate_messages_lisp[0m
[  0%] Built target sensor_msgs_generate_messages_lisp
[35m[1mScanning dependencies of target geometry_msgs_generate_messages_eus[0m
[  0%] Built target geometry_msgs_generate_messages_eus
[35m[1mScanning dependencies of target sensor_msgs_generate_messages_eus[0m
[  0%] Built target sensor_msgs_generate_messages_eus
[35m[1mScanning dependencies of target std_msgs_generate_messages_eus[0m
[  0%] Built target std_msgs_generate_messages_eus
[35m[1mScanning dependencies of target geometry_msgs_generate_messages_nodejs[0m
[  0%] Built target geometry_msgs_generate_messages_nodejs
[35m[1mScanning dependencies of target std_msgs_generate_messages_nodejs[0m
[  0%] Built target std_msgs_generate_messages_nodejs
[35m[1mScanning dependencies of target sensor_msgs_generate_messages_nodejs[0m
[  0%] Built target sensor_msgs_generate_messages_nodejs
[35m[1mScanning dependencies of target cisst_msgs_generate_messages_cpp[0m
[  3%] [34m[1mGenerating C++ code from cisst_msgs/vctDoubleVec.msg[0m
[  6%] [34m[1mGenerating C++ code from cisst_msgs/prmCartesianImpedanceGains.msg[0m
[  9%] [34m[1mGenerating C++ code from cisst_msgs/mtsIntervalStatistics.msg[0m
[ 12%] [34m[1mGenerating C++ code from cisst_msgs/BoolStamped.msg[0m
[ 15%] [34m[1mGenerating C++ code from cisst_msgs/StringStamped.msg[0m
[ 18%] [34m[1mGenerating C++ code from cisst_msgs/QueryForwardKinematics.srv[0m
[35m[1mScanning dependencies of target cisst_msgs_generate_messages_py[0m
[ 21%] [34m[1mGenerating Python from MSG cisst_msgs/vctDoubleVec[0m
[ 21%] Built target cisst_msgs_generate_messages_cpp
[35m[1mScanning dependencies of target cisst_msgs_generate_messages_lisp[0m
[ 24%] [34m[1mGenerating Lisp code from cisst_msgs/vctDoubleVec.msg[0m
[ 27%] [34m[1mGenerating Python from MSG cisst_msgs/prmCartesianImpedanceGains[0m
[ 30%] [34m[1mGenerating Lisp code from cisst_msgs/prmCartesianImpedanceGains.msg[0m
[ 33%] [34m[1mGenerating Lisp code from cisst_msgs/mtsIntervalStatistics.msg[0m
[ 36%] [34m[1mGenerating Lisp code from cisst_msgs/BoolStamped.msg[0m
[ 39%] [34m[1mGenerating Lisp code from cisst_msgs/StringStamped.msg[0m
[ 42%] [34m[1mGenerating Lisp code from cisst_msgs/QueryForwardKinematics.srv[0m
[ 45%] [34m[1mGenerating Python from MSG cisst_msgs/mtsIntervalStatistics[0m
[ 48%] [34m[1mGenerating Python from MSG cisst_msgs/BoolStamped[0m
[ 48%] Built target cisst_msgs_generate_messages_lisp
[35m[1mScanning dependencies of target cisst_msgs_generate_messages_eus[0m
[ 51%] [34m[1mGenerating EusLisp code from cisst_msgs/vctDoubleVec.msg[0m
[ 54%] [34m[1mGenerating EusLisp code from cisst_msgs/prmCartesianImpedanceGains.msg[0m
[ 57%] [34m[1mGenerating Python from MSG cisst_msgs/StringStamped[0m
[ 60%] [34m[1mGenerating EusLisp code from cisst_msgs/mtsIntervalStatistics.msg[0m
[35m[1mScanning dependencies of target cisst_msgs_generate_messages_nodejs[0m
[ 63%] [34m[1mGenerating Javascript code from cisst_msgs/vctDoubleVec.msg[0m
[ 66%] [34m[1mGenerating Javascript code from cisst_msgs/prmCartesianImpedanceGains.msg[0m
[ 69%] [34m[1mGenerating EusLisp code from cisst_msgs/BoolStamped.msg[0m
[ 72%] [34m[1mGenerating Javascript code from cisst_msgs/mtsIntervalStatistics.msg[0m
[ 75%] [34m[1mGenerating Python code from SRV cisst_msgs/QueryForwardKinematics[0m
[ 78%] [34m[1mGenerating EusLisp code from cisst_msgs/StringStamped.msg[0m
[ 81%] [34m[1mGenerating Javascript code from cisst_msgs/BoolStamped.msg[0m
[ 84%] [34m[1mGenerating Javascript code from cisst_msgs/StringStamped.msg[0m
[ 87%] [34m[1mGenerating EusLisp code from cisst_msgs/QueryForwardKinematics.srv[0m
[ 90%] [34m[1mGenerating Javascript code from cisst_msgs/QueryForwardKinematics.srv[0m
[ 93%] [34m[1mGenerating EusLisp manifest code for cisst_msgs[0m
[ 93%] Built target cisst_msgs_generate_messages_nodejs
[ 96%] [34m[1mGenerating Python msg __init__.py for cisst_msgs[0m
[100%] [34m[1mGenerating Python srv __init__.py for cisst_msgs[0m
[100%] Built target cisst_msgs_generate_messages_py
[100%] Built target cisst_msgs_generate_messages_eus
[35m[1mScanning dependencies of target cisst_msgs_generate_messages[0m
[100%] Built target cisst_msgs_generate_messages
