Symlinking /home/hands/ros_ws/devel/share/cisst_msgs/cmake/cisst_msgsConfig-version.cmake
Symlinking /home/hands/ros_ws/devel/share/cisst_msgs/cmake/cisst_msgs-msg-paths.cmake
Symlinking /home/hands/ros_ws/devel/share/cisst_msgs/cmake/cisst_msgsConfig.cmake
Symlinking /home/hands/ros_ws/devel/share/cisst_msgs/cmake/cisst_msgs-msg-extras.cmake
Symlinking /home/hands/ros_ws/devel/share/gennodejs/ros/cisst_msgs/_index.js
Symlinking /home/hands/ros_ws/devel/share/gennodejs/ros/cisst_msgs/srv/_index.js
Symlinking /home/hands/ros_ws/devel/share/gennodejs/ros/cisst_msgs/srv/QueryForwardKinematics.js
Symlinking /home/hands/ros_ws/devel/share/gennodejs/ros/cisst_msgs/msg/_index.js
Symlinking /home/hands/ros_ws/devel/share/gennodejs/ros/cisst_msgs/msg/prmCartesianImpedanceGains.js
Symlinking /home/hands/ros_ws/devel/share/gennodejs/ros/cisst_msgs/msg/StringStamped.js
Symlinking /home/hands/ros_ws/devel/share/gennodejs/ros/cisst_msgs/msg/vctDoubleVec.js
Symlinking /home/hands/ros_ws/devel/share/gennodejs/ros/cisst_msgs/msg/mtsIntervalStatistics.js
Symlinking /home/hands/ros_ws/devel/share/gennodejs/ros/cisst_msgs/msg/BoolStamped.js
Symlinking /home/hands/ros_ws/devel/share/common-lisp/ros/cisst_msgs/srv/_package.lisp
Symlinking /home/hands/ros_ws/devel/share/common-lisp/ros/cisst_msgs/srv/QueryForwardKinematics.lisp
Symlinking /home/hands/ros_ws/devel/share/common-lisp/ros/cisst_msgs/srv/_package_QueryForwardKinematics.lisp
Symlinking /home/hands/ros_ws/devel/share/common-lisp/ros/cisst_msgs/srv/cisst_msgs-srv.asd
Symlinking /home/hands/ros_ws/devel/share/common-lisp/ros/cisst_msgs/msg/_package_mtsIntervalStatistics.lisp
Symlinking /home/hands/ros_ws/devel/share/common-lisp/ros/cisst_msgs/msg/prmCartesianImpedanceGains.lisp
Symlinking /home/hands/ros_ws/devel/share/common-lisp/ros/cisst_msgs/msg/StringStamped.lisp
Symlinking /home/hands/ros_ws/devel/share/common-lisp/ros/cisst_msgs/msg/_package_BoolStamped.lisp
Symlinking /home/hands/ros_ws/devel/share/common-lisp/ros/cisst_msgs/msg/_package_vctDoubleVec.lisp
Symlinking /home/hands/ros_ws/devel/share/common-lisp/ros/cisst_msgs/msg/_package.lisp
Symlinking /home/hands/ros_ws/devel/share/common-lisp/ros/cisst_msgs/msg/mtsIntervalStatistics.lisp
Symlinking /home/hands/ros_ws/devel/share/common-lisp/ros/cisst_msgs/msg/BoolStamped.lisp
Symlinking /home/hands/ros_ws/devel/share/common-lisp/ros/cisst_msgs/msg/cisst_msgs-msg.asd
Symlinking /home/hands/ros_ws/devel/share/common-lisp/ros/cisst_msgs/msg/vctDoubleVec.lisp
Symlinking /home/hands/ros_ws/devel/share/common-lisp/ros/cisst_msgs/msg/_package_StringStamped.lisp
Symlinking /home/hands/ros_ws/devel/share/common-lisp/ros/cisst_msgs/msg/_package_prmCartesianImpedanceGains.lisp
Symlinking /home/hands/ros_ws/devel/share/roseus/ros/cisst_msgs/manifest.l
Symlinking /home/hands/ros_ws/devel/share/roseus/ros/cisst_msgs/srv/QueryForwardKinematics.l
Symlinking /home/hands/ros_ws/devel/share/roseus/ros/cisst_msgs/msg/vctDoubleVec.l
Symlinking /home/hands/ros_ws/devel/share/roseus/ros/cisst_msgs/msg/prmCartesianImpedanceGains.l
Symlinking /home/hands/ros_ws/devel/share/roseus/ros/cisst_msgs/msg/StringStamped.l
Symlinking /home/hands/ros_ws/devel/share/roseus/ros/cisst_msgs/msg/BoolStamped.l
Symlinking /home/hands/ros_ws/devel/share/roseus/ros/cisst_msgs/msg/mtsIntervalStatistics.l
Symlinking /home/hands/ros_ws/devel/lib/python3/dist-packages/cisst_msgs/__init__.py
Symlinking /home/hands/ros_ws/devel/lib/python3/dist-packages/cisst_msgs/srv/__init__.py
Symlinking /home/hands/ros_ws/devel/lib/python3/dist-packages/cisst_msgs/srv/_QueryForwardKinematics.py
Symlinking /home/hands/ros_ws/devel/lib/python3/dist-packages/cisst_msgs/msg/_prmCartesianImpedanceGains.py
Symlinking /home/hands/ros_ws/devel/lib/python3/dist-packages/cisst_msgs/msg/_vctDoubleVec.py
Symlinking /home/hands/ros_ws/devel/lib/python3/dist-packages/cisst_msgs/msg/_mtsIntervalStatistics.py
Symlinking /home/hands/ros_ws/devel/lib/python3/dist-packages/cisst_msgs/msg/_BoolStamped.py
Symlinking /home/hands/ros_ws/devel/lib/python3/dist-packages/cisst_msgs/msg/__init__.py
Symlinking /home/hands/ros_ws/devel/lib/python3/dist-packages/cisst_msgs/msg/_StringStamped.py
Symlinking /home/hands/ros_ws/devel/lib/pkgconfig/cisst_msgs.pc
Symlinking /home/hands/ros_ws/devel/include/cisst_msgs/vctDoubleVec.h
Symlinking /home/hands/ros_ws/devel/include/cisst_msgs/QueryForwardKinematics.h
Symlinking /home/hands/ros_ws/devel/include/cisst_msgs/prmCartesianImpedanceGains.h
Symlinking /home/hands/ros_ws/devel/include/cisst_msgs/BoolStamped.h
Symlinking /home/hands/ros_ws/devel/include/cisst_msgs/mtsIntervalStatistics.h
Symlinking /home/hands/ros_ws/devel/include/cisst_msgs/QueryForwardKinematicsRequest.h
Symlinking /home/hands/ros_ws/devel/include/cisst_msgs/QueryForwardKinematicsResponse.h
Symlinking /home/hands/ros_ws/devel/include/cisst_msgs/StringStamped.h
