CMake Warning (dev) at TESTING/CMakeLists.txt:13 (get_target_property):
  Policy CMP0026 is not set: Disallow use of the LOCATION target property.
  Run "cmake --help-policy CMP0026" for policy details.  Use the cmake_policy
  command to set the policy and suppress this warning.

  The LOCATION property should not be read from target "xlintstd".  Use the
  target name directly with add_custom_command, or use the generator
  expression $<TARGET_FILE>, as appropriate.

Call Stack (most recent call first):
  TESTING/CMakeLists.txt:96 (add_lapack_test)
This warning is for project developers.  Use -Wno-dev to suppress it.

CMake Warning (dev) at TESTING/CMakeLists.txt:13 (get_target_property):
  Policy CMP0026 is not set: Disallow use of the LOCATION target property.
  Run "cmake --help-policy CMP0026" for policy details.  Use the cmake_policy
  command to set the policy and suppress this warning.

  The LOCATION property should not be read from target "xlintstrfd".  Use the
  target name directly with add_custom_command, or use the generator
  expression $<TARGET_FILE>, as appropriate.

Call Stack (most recent call first):
  TESTING/CMakeLists.txt:99 (add_lapack_test)
This warning is for project developers.  Use -Wno-dev to suppress it.

CMake Warning (dev) at TESTING/CMakeLists.txt:13 (get_target_property):
  Policy CMP0026 is not set: Disallow use of the LOCATION target property.
  Run "cmake --help-policy CMP0026" for policy details.  Use the cmake_policy
  command to set the policy and suppress this warning.

  The LOCATION property should not be read from target "xeigtstd".  Use the
  target name directly with add_custom_command, or use the generator
  expression $<TARGET_FILE>, as appropriate.

Call Stack (most recent call first):
  TESTING/CMakeLists.txt:103 (add_lapack_test)
This warning is for project developers.  Use -Wno-dev to suppress it.

CMake Warning (dev) at TESTING/CMakeLists.txt:13 (get_target_property):
  Policy CMP0026 is not set: Disallow use of the LOCATION target property.
  Run "cmake --help-policy CMP0026" for policy details.  Use the cmake_policy
  command to set the policy and suppress this warning.

  The LOCATION property should not be read from target "xeigtstd".  Use the
  target name directly with add_custom_command, or use the generator
  expression $<TARGET_FILE>, as appropriate.

Call Stack (most recent call first):
  TESTING/CMakeLists.txt:106 (add_lapack_test)
This warning is for project developers.  Use -Wno-dev to suppress it.

CMake Warning (dev) at TESTING/CMakeLists.txt:13 (get_target_property):
  Policy CMP0026 is not set: Disallow use of the LOCATION target property.
  Run "cmake --help-policy CMP0026" for policy details.  Use the cmake_policy
  command to set the policy and suppress this warning.

  The LOCATION property should not be read from target "xeigtstd".  Use the
  target name directly with add_custom_command, or use the generator
  expression $<TARGET_FILE>, as appropriate.

Call Stack (most recent call first):
  TESTING/CMakeLists.txt:109 (add_lapack_test)
This warning is for project developers.  Use -Wno-dev to suppress it.

CMake Warning (dev) at TESTING/CMakeLists.txt:13 (get_target_property):
  Policy CMP0026 is not set: Disallow use of the LOCATION target property.
  Run "cmake --help-policy CMP0026" for policy details.  Use the cmake_policy
  command to set the policy and suppress this warning.

  The LOCATION property should not be read from target "xeigtstd".  Use the
  target name directly with add_custom_command, or use the generator
  expression $<TARGET_FILE>, as appropriate.

Call Stack (most recent call first):
  TESTING/CMakeLists.txt:112 (add_lapack_test)
This warning is for project developers.  Use -Wno-dev to suppress it.

CMake Warning (dev) at TESTING/CMakeLists.txt:13 (get_target_property):
  Policy CMP0026 is not set: Disallow use of the LOCATION target property.
  Run "cmake --help-policy CMP0026" for policy details.  Use the cmake_policy
  command to set the policy and suppress this warning.

  The LOCATION property should not be read from target "xeigtstd".  Use the
  target name directly with add_custom_command, or use the generator
  expression $<TARGET_FILE>, as appropriate.

Call Stack (most recent call first):
  TESTING/CMakeLists.txt:115 (add_lapack_test)
This warning is for project developers.  Use -Wno-dev to suppress it.

CMake Warning (dev) at TESTING/CMakeLists.txt:13 (get_target_property):
  Policy CMP0026 is not set: Disallow use of the LOCATION target property.
  Run "cmake --help-policy CMP0026" for policy details.  Use the cmake_policy
  command to set the policy and suppress this warning.

  The LOCATION property should not be read from target "xeigtstd".  Use the
  target name directly with add_custom_command, or use the generator
  expression $<TARGET_FILE>, as appropriate.

Call Stack (most recent call first):
  TESTING/CMakeLists.txt:118 (add_lapack_test)
This warning is for project developers.  Use -Wno-dev to suppress it.

CMake Warning (dev) at TESTING/CMakeLists.txt:13 (get_target_property):
  Policy CMP0026 is not set: Disallow use of the LOCATION target property.
  Run "cmake --help-policy CMP0026" for policy details.  Use the cmake_policy
  command to set the policy and suppress this warning.

  The LOCATION property should not be read from target "xeigtstd".  Use the
  target name directly with add_custom_command, or use the generator
  expression $<TARGET_FILE>, as appropriate.

Call Stack (most recent call first):
  TESTING/CMakeLists.txt:121 (add_lapack_test)
This warning is for project developers.  Use -Wno-dev to suppress it.

CMake Warning (dev) at TESTING/CMakeLists.txt:13 (get_target_property):
  Policy CMP0026 is not set: Disallow use of the LOCATION target property.
  Run "cmake --help-policy CMP0026" for policy details.  Use the cmake_policy
  command to set the policy and suppress this warning.

  The LOCATION property should not be read from target "xeigtstd".  Use the
  target name directly with add_custom_command, or use the generator
  expression $<TARGET_FILE>, as appropriate.

Call Stack (most recent call first):
  TESTING/CMakeLists.txt:124 (add_lapack_test)
This warning is for project developers.  Use -Wno-dev to suppress it.

CMake Warning (dev) at TESTING/CMakeLists.txt:13 (get_target_property):
  Policy CMP0026 is not set: Disallow use of the LOCATION target property.
  Run "cmake --help-policy CMP0026" for policy details.  Use the cmake_policy
  command to set the policy and suppress this warning.

  The LOCATION property should not be read from target "xeigtstd".  Use the
  target name directly with add_custom_command, or use the generator
  expression $<TARGET_FILE>, as appropriate.

Call Stack (most recent call first):
  TESTING/CMakeLists.txt:127 (add_lapack_test)
This warning is for project developers.  Use -Wno-dev to suppress it.

CMake Warning (dev) at TESTING/CMakeLists.txt:13 (get_target_property):
  Policy CMP0026 is not set: Disallow use of the LOCATION target property.
  Run "cmake --help-policy CMP0026" for policy details.  Use the cmake_policy
  command to set the policy and suppress this warning.

  The LOCATION property should not be read from target "xeigtstd".  Use the
  target name directly with add_custom_command, or use the generator
  expression $<TARGET_FILE>, as appropriate.

Call Stack (most recent call first):
  TESTING/CMakeLists.txt:130 (add_lapack_test)
This warning is for project developers.  Use -Wno-dev to suppress it.

CMake Warning (dev) at TESTING/CMakeLists.txt:13 (get_target_property):
  Policy CMP0026 is not set: Disallow use of the LOCATION target property.
  Run "cmake --help-policy CMP0026" for policy details.  Use the cmake_policy
  command to set the policy and suppress this warning.

  The LOCATION property should not be read from target "xeigtstd".  Use the
  target name directly with add_custom_command, or use the generator
  expression $<TARGET_FILE>, as appropriate.

Call Stack (most recent call first):
  TESTING/CMakeLists.txt:133 (add_lapack_test)
This warning is for project developers.  Use -Wno-dev to suppress it.

CMake Warning (dev) at TESTING/CMakeLists.txt:13 (get_target_property):
  Policy CMP0026 is not set: Disallow use of the LOCATION target property.
  Run "cmake --help-policy CMP0026" for policy details.  Use the cmake_policy
  command to set the policy and suppress this warning.

  The LOCATION property should not be read from target "xeigtstd".  Use the
  target name directly with add_custom_command, or use the generator
  expression $<TARGET_FILE>, as appropriate.

Call Stack (most recent call first):
  TESTING/CMakeLists.txt:136 (add_lapack_test)
This warning is for project developers.  Use -Wno-dev to suppress it.

CMake Warning (dev) at TESTING/CMakeLists.txt:13 (get_target_property):
  Policy CMP0026 is not set: Disallow use of the LOCATION target property.
  Run "cmake --help-policy CMP0026" for policy details.  Use the cmake_policy
  command to set the policy and suppress this warning.

  The LOCATION property should not be read from target "xeigtstd".  Use the
  target name directly with add_custom_command, or use the generator
  expression $<TARGET_FILE>, as appropriate.

Call Stack (most recent call first):
  TESTING/CMakeLists.txt:139 (add_lapack_test)
This warning is for project developers.  Use -Wno-dev to suppress it.

CMake Warning (dev) at TESTING/CMakeLists.txt:13 (get_target_property):
  Policy CMP0026 is not set: Disallow use of the LOCATION target property.
  Run "cmake --help-policy CMP0026" for policy details.  Use the cmake_policy
  command to set the policy and suppress this warning.

  The LOCATION property should not be read from target "xeigtstd".  Use the
  target name directly with add_custom_command, or use the generator
  expression $<TARGET_FILE>, as appropriate.

Call Stack (most recent call first):
  TESTING/CMakeLists.txt:142 (add_lapack_test)
This warning is for project developers.  Use -Wno-dev to suppress it.

CMake Warning (dev) at TESTING/CMakeLists.txt:13 (get_target_property):
  Policy CMP0026 is not set: Disallow use of the LOCATION target property.
  Run "cmake --help-policy CMP0026" for policy details.  Use the cmake_policy
  command to set the policy and suppress this warning.

  The LOCATION property should not be read from target "xeigtstd".  Use the
  target name directly with add_custom_command, or use the generator
  expression $<TARGET_FILE>, as appropriate.

Call Stack (most recent call first):
  TESTING/CMakeLists.txt:145 (add_lapack_test)
This warning is for project developers.  Use -Wno-dev to suppress it.

CMake Warning (dev) at TESTING/CMakeLists.txt:13 (get_target_property):
  Policy CMP0026 is not set: Disallow use of the LOCATION target property.
  Run "cmake --help-policy CMP0026" for policy details.  Use the cmake_policy
  command to set the policy and suppress this warning.

  The LOCATION property should not be read from target "xeigtstd".  Use the
  target name directly with add_custom_command, or use the generator
  expression $<TARGET_FILE>, as appropriate.

Call Stack (most recent call first):
  TESTING/CMakeLists.txt:148 (add_lapack_test)
This warning is for project developers.  Use -Wno-dev to suppress it.

CMake Warning (dev) at TESTING/CMakeLists.txt:13 (get_target_property):
  Policy CMP0026 is not set: Disallow use of the LOCATION target property.
  Run "cmake --help-policy CMP0026" for policy details.  Use the cmake_policy
  command to set the policy and suppress this warning.

  The LOCATION property should not be read from target "xeigtstd".  Use the
  target name directly with add_custom_command, or use the generator
  expression $<TARGET_FILE>, as appropriate.

Call Stack (most recent call first):
  TESTING/CMakeLists.txt:151 (add_lapack_test)
This warning is for project developers.  Use -Wno-dev to suppress it.

CMake Warning (dev) at TESTING/CMakeLists.txt:13 (get_target_property):
  Policy CMP0026 is not set: Disallow use of the LOCATION target property.
  Run "cmake --help-policy CMP0026" for policy details.  Use the cmake_policy
  command to set the policy and suppress this warning.

  The LOCATION property should not be read from target "xeigtstd".  Use the
  target name directly with add_custom_command, or use the generator
  expression $<TARGET_FILE>, as appropriate.

Call Stack (most recent call first):
  TESTING/CMakeLists.txt:154 (add_lapack_test)
This warning is for project developers.  Use -Wno-dev to suppress it.

CMake Warning (dev) at TESTING/CMakeLists.txt:13 (get_target_property):
  Policy CMP0026 is not set: Disallow use of the LOCATION target property.
  Run "cmake --help-policy CMP0026" for policy details.  Use the cmake_policy
  command to set the policy and suppress this warning.

  The LOCATION property should not be read from target "xeigtstd".  Use the
  target name directly with add_custom_command, or use the generator
  expression $<TARGET_FILE>, as appropriate.

Call Stack (most recent call first):
  TESTING/CMakeLists.txt:157 (add_lapack_test)
This warning is for project developers.  Use -Wno-dev to suppress it.

[01m[K/home/hands/ros_ws/src/cisst-saw/cisstNetlib/hanson-haskell/fortran/drotm.f:29:72:[m[K

   29 |                IF(DFLAG) 50,10,30
      |                                                                        [01;35m[K1[m[K
[01;35m[KWarning:[m[K Fortran 2018 deleted feature: Arithmetic IF statement at (1)
[01m[K/home/hands/ros_ws/src/cisst-saw/cisstNetlib/hanson-haskell/fortran/drotm.f:68:72:[m[K

   68 |           IF(DFLAG)120,80,100
      |                                                                        [01;35m[K1[m[K
[01;35m[KWarning:[m[K Fortran 2018 deleted feature: Arithmetic IF statement at (1)
[01m[K/home/hands/ros_ws/src/cisst-saw/cisstNetlib/hanson-haskell/fortran/drotmg.f:101:15:[m[K

  101 |       GO TO IGO,(120,150,180,210)
      |               [01;35m[K1[m[K
[01;35m[KWarning:[m[K Deleted feature: Assigned GOTO statement at (1)
[01m[K/home/hands/ros_ws/src/cisst-saw/cisstNetlib/hanson-haskell/fortran/drotmg.f:107:72:[m[K

  107 |                ASSIGN 120 TO IGO
      |                                                                        [01;35m[K1[m[K
[01;35m[KWarning:[m[K Deleted feature: ASSIGN statement at (1)
[01m[K/home/hands/ros_ws/src/cisst-saw/cisstNetlib/hanson-haskell/fortran/drotmg.f:119:72:[m[K

  119 |                ASSIGN 150 TO IGO
      |                                                                        [01;35m[K1[m[K
[01;35m[KWarning:[m[K Deleted feature: ASSIGN statement at (1)
[01m[K/home/hands/ros_ws/src/cisst-saw/cisstNetlib/hanson-haskell/fortran/drotmg.f:132:72:[m[K

  132 |                ASSIGN 180 TO IGO
      |                                                                        [01;35m[K1[m[K
[01;35m[KWarning:[m[K Deleted feature: ASSIGN statement at (1)
[01m[K/home/hands/ros_ws/src/cisst-saw/cisstNetlib/hanson-haskell/fortran/drotmg.f:143:72:[m[K

  143 |                ASSIGN 210 TO IGO
      |                                                                        [01;35m[K1[m[K
[01;35m[KWarning:[m[K Deleted feature: ASSIGN statement at (1)
[01m[K/home/hands/ros_ws/src/cisst-saw/cisstNetlib/hanson-haskell/fortran/drotmg.f:152:72:[m[K

  152 |           IF(DFLAG)250,230,240
      |                                                                        [01;35m[K1[m[K
[01;35m[KWarning:[m[K Fortran 2018 deleted feature: Arithmetic IF statement at (1)
[01m[K/home/hands/ros_ws/src/cisst-saw/cisstNetlib/hanson-haskell/fortran/lpdp.f:123:9:[m[K

  123 |       IS(2) = 0
      |         [01;35m[K1[m[K
[01;35m[KWarning:[m[K Array reference at (1) is out of bounds (2 > 1) in dimension 1
[01m[K/home/hands/ros_ws/src/cisst-saw/cisstNetlib/hanson-haskell/fortran/lpdp.f:167:9:[m[K

  167 |       IS(2) = 0
      |         [01;35m[K1[m[K
[01;35m[KWarning:[m[K Array reference at (1) is out of bounds (2 > 1) in dimension 1
[01m[K/home/hands/ros_ws/src/cisst-saw/cisstNetlib/hanson-haskell/fortran/lsei.f:390:21:[m[K

  390 |       CALL XERRWV(67HLSEI( ), INSUFFICIENT STORAGE ALLOCATED FOR WS(*),
      |                     [01;35m[K1[m[K
[01;35m[KWarning:[m[K Legacy Extension: Hollerith constant at (1)
[01m[K/home/hands/ros_ws/src/cisst-saw/cisstNetlib/hanson-haskell/fortran/lsei.f:401:21:[m[K

  401 |       CALL XERRWV(68HLSEI( ), INSUFFICIENT STORAGE ALLOCATED FOR IP(*),
      |                     [01;35m[K1[m[K
[01;35m[KWarning:[m[K Legacy Extension: Hollerith constant at (1)
[01m[K/home/hands/ros_ws/src/cisst-saw/cisstNetlib/hanson-haskell/fortran/lsei.f:423:21:[m[K

  423 |       CALL XERROR(36HLSEI( ), MDW.LT.ME+MA+MG IS AN ERROR, 36, NERR,
      |                     [01;35m[K1[m[K
[01;35m[KWarning:[m[K Legacy Extension: Hollerith constant at (1)
[01m[K/home/hands/ros_ws/src/cisst-saw/cisstNetlib/hanson-haskell/fortran/lsei.f:433:72:[m[K

  433 |       ASSIGN 90 TO IGO990
      |                                                                        [01;35m[K1[m[K
[01;35m[KWarning:[m[K Deleted feature: ASSIGN statement at (1)
[01m[K/home/hands/ros_ws/src/cisst-saw/cisstNetlib/hanson-haskell/fortran/lsei.f:439:10:[m[K

  439 |      * 54HLSEI( ), MDW.LT.N, WHEN COV MATRIX NEEDED, IS AN ERROR, 54,
      |          [01;35m[K1[m[K
[01;35m[KWarning:[m[K Legacy Extension: Hollerith constant at (1)
[01m[K/home/hands/ros_ws/src/cisst-saw/cisstNetlib/hanson-haskell/fortran/lsei.f:646:21:[m[K

  646 |       CALL XERROR(38HLSEI( ) THE OPTION VECTOR IS UNDEFINED, 38, NERR,
      |                     [01;35m[K1[m[K
[01;35m[KWarning:[m[K Legacy Extension: Hollerith constant at (1)
[01m[K/home/hands/ros_ws/src/cisst-saw/cisstNetlib/hanson-haskell/fortran/lsei.f:656:10:[m[K

  656 |      * 52HLSEI( ). THE LINKS IN THE OPTION VECTOR ARE CYCLING., 52,
      |          [01;35m[K1[m[K
[01;35m[KWarning:[m[K Legacy Extension: Hollerith constant at (1)
[01m[K/home/hands/ros_ws/src/cisst-saw/cisstNetlib/hanson-haskell/fortran/lsei.f:675:21:[m[K

  675 |       CALL XERROR(38HLSEI( ) THE OPTION VECTOR IS UNDEFINED, 38, NERR,
      |                     [01;35m[K1[m[K
[01;35m[KWarning:[m[K Legacy Extension: Hollerith constant at (1)
[01m[K/home/hands/ros_ws/src/cisst-saw/cisstNetlib/hanson-haskell/fortran/lsei.f:687:18:[m[K

  687 |   560 GO TO IGO990, (90)
      |                  [01;35m[K1[m[K
[01;35m[KWarning:[m[K Deleted feature: Assigned GOTO statement at (1)
[01m[K/home/hands/ros_ws/src/cisst-saw/cisstNetlib/hanson-haskell/fortran/lsi.f:92:72:[m[K

   92 |       ASSIGN 40 TO IGO994
      |                                                                        [01;35m[K1[m[K
[01;35m[KWarning:[m[K Deleted feature: ASSIGN statement at (1)
[01m[K/home/hands/ros_ws/src/cisst-saw/cisstNetlib/hanson-haskell/fortran/lsi.f:119:72:[m[K

  119 |       ASSIGN 60 TO IGO990
      |                                                                        [01;35m[K1[m[K
[01;35m[KWarning:[m[K Deleted feature: ASSIGN statement at (1)
[01m[K/home/hands/ros_ws/src/cisst-saw/cisstNetlib/hanson-haskell/fortran/lsi.f:336:18:[m[K

  336 |   530 GO TO IGO994, (40)
      |                  [01;35m[K1[m[K
[01;35m[KWarning:[m[K Deleted feature: Assigned GOTO statement at (1)
[01m[K/home/hands/ros_ws/src/cisst-saw/cisstNetlib/hanson-haskell/fortran/lsi.f:337:18:[m[K

  337 |   540 GO TO IGO990, (60)
      |                  [01;35m[K1[m[K
[01;35m[KWarning:[m[K Deleted feature: Assigned GOTO statement at (1)
[01m[K/home/hands/ros_ws/src/cisst-saw/cisstNetlib/hanson-haskell/fortran/lsi.f:125:9:[m[K

  125 |       IP(2) = N + MAX0(M,N) + (MG+2)*(N+7)
      |         [01;35m[K1[m[K
[01;35m[KWarning:[m[K Array reference at (1) is out of bounds (2 > 1) in dimension 1
[01m[K/home/hands/ros_ws/src/cisst-saw/cisstNetlib/hanson-haskell/fortran/slatec.f:92:50:[m[K

   92 |      2     /1H0,1H1,1H2,1H3,1H4,1H5,1H6,1H7,1H8,1H9/
      |                                                  [01;35m[K1[m[K
[01;35m[KWarning:[m[K Legacy Extension: Hollerith constant at (1)
[01m[K/home/hands/ros_ws/src/cisst-saw/cisstNetlib/hanson-haskell/fortran/slatec.f:92:14:[m[K

   92 |      2     /1H0,1H1,1H2,1H3,1H4,1H5,1H6,1H7,1H8,1H9/
      |              [01;35m[K1[m[K
[01;35m[KWarning:[m[K Extension: Conversion from HOLLERITH to INTEGER(4) at (1)
[01m[K/home/hands/ros_ws/src/cisst-saw/cisstNetlib/hanson-haskell/fortran/slatec.f:92:18:[m[K

   92 |      2     /1H0,1H1,1H2,1H3,1H4,1H5,1H6,1H7,1H8,1H9/
      |                  [01;35m[K1[m[K
[01;35m[KWarning:[m[K Extension: Conversion from HOLLERITH to INTEGER(4) at (1)
[01m[K/home/hands/ros_ws/src/cisst-saw/cisstNetlib/hanson-haskell/fortran/slatec.f:92:22:[m[K

   92 |      2     /1H0,1H1,1H2,1H3,1H4,1H5,1H6,1H7,1H8,1H9/
      |                      [01;35m[K1[m[K
[01;35m[KWarning:[m[K Extension: Conversion from HOLLERITH to INTEGER(4) at (1)
[01m[K/home/hands/ros_ws/src/cisst-saw/cisstNetlib/hanson-haskell/fortran/slatec.f:92:26:[m[K

   92 |      2     /1H0,1H1,1H2,1H3,1H4,1H5,1H6,1H7,1H8,1H9/
      |                          [01;35m[K1[m[K
[01;35m[KWarning:[m[K Extension: Conversion from HOLLERITH to INTEGER(4) at (1)
[01m[K/home/hands/ros_ws/src/cisst-saw/cisstNetlib/hanson-haskell/fortran/slatec.f:92:30:[m[K

   92 |      2     /1H0,1H1,1H2,1H3,1H4,1H5,1H6,1H7,1H8,1H9/
      |                              [01;35m[K1[m[K
[01;35m[KWarning:[m[K Extension: Conversion from HOLLERITH to INTEGER(4) at (1)
[01m[K/home/hands/ros_ws/src/cisst-saw/cisstNetlib/hanson-haskell/fortran/slatec.f:92:34:[m[K

   92 |      2     /1H0,1H1,1H2,1H3,1H4,1H5,1H6,1H7,1H8,1H9/
      |                                  [01;35m[K1[m[K
[01;35m[KWarning:[m[K Extension: Conversion from HOLLERITH to INTEGER(4) at (1)
[01m[K/home/hands/ros_ws/src/cisst-saw/cisstNetlib/hanson-haskell/fortran/slatec.f:92:38:[m[K

   92 |      2     /1H0,1H1,1H2,1H3,1H4,1H5,1H6,1H7,1H8,1H9/
      |                                      [01;35m[K1[m[K
[01;35m[KWarning:[m[K Extension: Conversion from HOLLERITH to INTEGER(4) at (1)
[01m[K/home/hands/ros_ws/src/cisst-saw/cisstNetlib/hanson-haskell/fortran/slatec.f:92:42:[m[K

   92 |      2     /1H0,1H1,1H2,1H3,1H4,1H5,1H6,1H7,1H8,1H9/
      |                                          [01;35m[K1[m[K
[01;35m[KWarning:[m[K Extension: Conversion from HOLLERITH to INTEGER(4) at (1)
[01m[K/home/hands/ros_ws/src/cisst-saw/cisstNetlib/hanson-haskell/fortran/slatec.f:92:46:[m[K

   92 |      2     /1H0,1H1,1H2,1H3,1H4,1H5,1H6,1H7,1H8,1H9/
      |                                              [01;35m[K1[m[K
[01;35m[KWarning:[m[K Extension: Conversion from HOLLERITH to INTEGER(4) at (1)
[01m[K/home/hands/ros_ws/src/cisst-saw/cisstNetlib/hanson-haskell/fortran/slatec.f:92:50:[m[K

   92 |      2     /1H0,1H1,1H2,1H3,1H4,1H5,1H6,1H7,1H8,1H9/
      |                                                  [01;35m[K1[m[K
[01;35m[KWarning:[m[K Extension: Conversion from HOLLERITH to INTEGER(4) at (1)
[01m[K/home/hands/ros_ws/src/cisst-saw/cisstNetlib/hanson-haskell/fortran/wnlit.f:66:72:[m[K

   66 |       ASSIGN 20 TO IGO996
      |                                                                        [01;35m[K1[m[K
[01;35m[KWarning:[m[K Deleted feature: ASSIGN statement at (1)
[01m[K/home/hands/ros_ws/src/cisst-saw/cisstNetlib/hanson-haskell/fortran/wnlit.f:70:72:[m[K

   70 |    20 ASSIGN 30 TO IGO993
      |                                                                        [01;35m[K1[m[K
[01;35m[KWarning:[m[K Deleted feature: ASSIGN statement at (1)
[01m[K/home/hands/ros_ws/src/cisst-saw/cisstNetlib/hanson-haskell/fortran/wnlit.f:77:72:[m[K

   77 |       ASSIGN 40 TO IGO990
      |                                                                        [01;35m[K1[m[K
[01;35m[KWarning:[m[K Deleted feature: ASSIGN statement at (1)
[01m[K/home/hands/ros_ws/src/cisst-saw/cisstNetlib/hanson-haskell/fortran/wnlit.f:127:72:[m[K

  127 |       ASSIGN 120 TO IGO993
      |                                                                        [01;35m[K1[m[K
[01;35m[KWarning:[m[K Deleted feature: ASSIGN statement at (1)
[01m[K/home/hands/ros_ws/src/cisst-saw/cisstNetlib/hanson-haskell/fortran/wnlit.f:166:72:[m[K

  166 |       ASSIGN 190 TO IGO996
      |                                                                        [01;35m[K1[m[K
[01;35m[KWarning:[m[K Deleted feature: ASSIGN statement at (1)
[01m[K/home/hands/ros_ws/src/cisst-saw/cisstNetlib/hanson-haskell/fortran/wnlit.f:170:72:[m[K

  170 |   190 ASSIGN 200 TO IGO993
      |                                                                        [01;35m[K1[m[K
[01;35m[KWarning:[m[K Deleted feature: ASSIGN statement at (1)
[01m[K/home/hands/ros_ws/src/cisst-saw/cisstNetlib/hanson-haskell/fortran/wnlit.f:188:72:[m[K

  188 |       ASSIGN 240 TO IGO990
      |                                                                        [01;35m[K1[m[K
[01;35m[KWarning:[m[K Deleted feature: ASSIGN statement at (1)
[01m[K/home/hands/ros_ws/src/cisst-saw/cisstNetlib/hanson-haskell/fortran/wnlit.f:240:72:[m[K

  240 |       ASSIGN 320 TO IGO996
      |                                                                        [01;35m[K1[m[K
[01;35m[KWarning:[m[K Deleted feature: ASSIGN statement at (1)
[01m[K/home/hands/ros_ws/src/cisst-saw/cisstNetlib/hanson-haskell/fortran/wnlit.f:244:72:[m[K

  244 |   320 ASSIGN 330 TO IGO993
      |                                                                        [01;35m[K1[m[K
[01;35m[KWarning:[m[K Deleted feature: ASSIGN statement at (1)
[01m[K/home/hands/ros_ws/src/cisst-saw/cisstNetlib/hanson-haskell/fortran/wnlit.f:404:18:[m[K

  404 |   580 GO TO IGO993, (30, 200, 330, 120)
      |                  [01;35m[K1[m[K
[01;35m[KWarning:[m[K Deleted feature: Assigned GOTO statement at (1)
[01m[K/home/hands/ros_ws/src/cisst-saw/cisstNetlib/hanson-haskell/fortran/wnlit.f:405:18:[m[K

  405 |   590 GO TO IGO990, (40, 240)
      |                  [01;35m[K1[m[K
[01;35m[KWarning:[m[K Deleted feature: Assigned GOTO statement at (1)
[01m[K/home/hands/ros_ws/src/cisst-saw/cisstNetlib/hanson-haskell/fortran/wnlit.f:406:18:[m[K

  406 |   600 GO TO IGO996, (20, 190, 320)
      |                  [01;35m[K1[m[K
[01;35m[KWarning:[m[K Deleted feature: Assigned GOTO statement at (1)
[01m[K/home/hands/ros_ws/src/cisst-saw/cisstNetlib/hanson-haskell/fortran/wnlsm.f:77:72:[m[K

   77 |       ASSIGN 10 TO IGO998
      |                                                                        [01;35m[K1[m[K
[01;35m[KWarning:[m[K Deleted feature: ASSIGN statement at (1)
[01m[K/home/hands/ros_ws/src/cisst-saw/cisstNetlib/hanson-haskell/fortran/wnlsm.f:83:72:[m[K

   83 |    10 ASSIGN 20 TO IGO995
      |                                                                        [01;35m[K1[m[K
[01;35m[KWarning:[m[K Deleted feature: ASSIGN statement at (1)
[01m[K/home/hands/ros_ws/src/cisst-saw/cisstNetlib/hanson-haskell/fortran/wnlsm.f:102:72:[m[K

  102 |       ASSIGN 30 TO IGO991
      |                                                                        [01;35m[K1[m[K
[01;35m[KWarning:[m[K Deleted feature: ASSIGN statement at (1)
[01m[K/home/hands/ros_ws/src/cisst-saw/cisstNetlib/hanson-haskell/fortran/wnlsm.f:108:72:[m[K

  108 |       ASSIGN 40 TO IGO986
      |                                                                        [01;35m[K1[m[K
[01;35m[KWarning:[m[K Deleted feature: ASSIGN statement at (1)
[01m[K/home/hands/ros_ws/src/cisst-saw/cisstNetlib/hanson-haskell/fortran/wnlsm.f:114:72:[m[K

  114 |    50 ASSIGN 60 TO IGO983
      |                                                                        [01;35m[K1[m[K
[01;35m[KWarning:[m[K Deleted feature: ASSIGN statement at (1)
[01m[K/home/hands/ros_ws/src/cisst-saw/cisstNetlib/hanson-haskell/fortran/wnlsm.f:122:72:[m[K

  122 |    80 ASSIGN 90 TO IGO980
      |                                                                        [01;35m[K1[m[K
[01;35m[KWarning:[m[K Deleted feature: ASSIGN statement at (1)
[01m[K/home/hands/ros_ws/src/cisst-saw/cisstNetlib/hanson-haskell/fortran/wnlsm.f:155:21:[m[K

  155 |       CALL XERROR(39HWNNLS( ) THE OPTION VECTOR IS UNDEFINED, 39, NERR,
      |                     [01;35m[K1[m[K
[01;35m[KWarning:[m[K Legacy Extension: Hollerith constant at (1)
[01m[K/home/hands/ros_ws/src/cisst-saw/cisstNetlib/hanson-haskell/fortran/wnlsm.f:165:10:[m[K

  165 |      * 53HWNNLS( ). THE LINKS IN THE OPTION VECTOR ARE CYCLING., 53,
      |          [01;35m[K1[m[K
[01;35m[KWarning:[m[K Legacy Extension: Hollerith constant at (1)
[01m[K/home/hands/ros_ws/src/cisst-saw/cisstNetlib/hanson-haskell/fortran/wnlsm.f:183:21:[m[K

  183 |       CALL XERROR(39HWNNLS( ) THE OPTION VECTOR IS UNDEFINED, 39, NERR,
      |                     [01;35m[K1[m[K
[01;35m[KWarning:[m[K Legacy Extension: Hollerith constant at (1)
[01m[K/home/hands/ros_ws/src/cisst-saw/cisstNetlib/hanson-haskell/fortran/wnlsm.f:209:72:[m[K

  209 |       ASSIGN 220 TO IGO977
      |                                                                        [01;35m[K1[m[K
[01;35m[KWarning:[m[K Deleted feature: ASSIGN statement at (1)
[01m[K/home/hands/ros_ws/src/cisst-saw/cisstNetlib/hanson-haskell/fortran/wnlsm.f:302:72:[m[K

  302 |       ASSIGN 310 TO IGO958
      |                                                                        [01;35m[K1[m[K
[01;35m[KWarning:[m[K Deleted feature: ASSIGN statement at (1)
[01m[K/home/hands/ros_ws/src/cisst-saw/cisstNetlib/hanson-haskell/fortran/wnlsm.f:375:72:[m[K

  375 |       ASSIGN 460 TO IGO938
      |                                                                        [01;35m[K1[m[K
[01;35m[KWarning:[m[K Deleted feature: ASSIGN statement at (1)
[01m[K/home/hands/ros_ws/src/cisst-saw/cisstNetlib/hanson-haskell/fortran/wnlsm.f:381:72:[m[K

  381 |       ASSIGN 480 TO IGO938
      |                                                                        [01;35m[K1[m[K
[01;35m[KWarning:[m[K Deleted feature: ASSIGN statement at (1)
[01m[K/home/hands/ros_ws/src/cisst-saw/cisstNetlib/hanson-haskell/fortran/wnlsm.f:395:72:[m[K

  395 |       ASSIGN 500 TO IGO938
      |                                                                        [01;35m[K1[m[K
[01;35m[KWarning:[m[K Deleted feature: ASSIGN statement at (1)
[01m[K/home/hands/ros_ws/src/cisst-saw/cisstNetlib/hanson-haskell/fortran/wnlsm.f:403:72:[m[K

  403 |       ASSIGN 520 TO IGO938
      |                                                                        [01;35m[K1[m[K
[01;35m[KWarning:[m[K Deleted feature: ASSIGN statement at (1)
[01m[K/home/hands/ros_ws/src/cisst-saw/cisstNetlib/hanson-haskell/fortran/wnlsm.f:547:72:[m[K

  547 |       ASSIGN 880 TO IGO897
      |                                                                        [01;35m[K1[m[K
[01;35m[KWarning:[m[K Deleted feature: ASSIGN statement at (1)
[01m[K/home/hands/ros_ws/src/cisst-saw/cisstNetlib/hanson-haskell/fortran/wnlsm.f:558:72:[m[K

  558 |       ASSIGN 900 TO IGO897
      |                                                                        [01;35m[K1[m[K
[01;35m[KWarning:[m[K Deleted feature: ASSIGN statement at (1)
[01m[K/home/hands/ros_ws/src/cisst-saw/cisstNetlib/hanson-haskell/fortran/wnlsm.f:597:72:[m[K

  597 |       ASSIGN 1010 TO IGO958
      |                                                                        [01;35m[K1[m[K
[01;35m[KWarning:[m[K Deleted feature: ASSIGN statement at (1)
[01m[K/home/hands/ros_ws/src/cisst-saw/cisstNetlib/hanson-haskell/fortran/wnlsm.f:665:18:[m[K

  665 |  1200 GO TO IGO986, (40)
      |                  [01;35m[K1[m[K
[01;35m[KWarning:[m[K Deleted feature: Assigned GOTO statement at (1)
[01m[K/home/hands/ros_ws/src/cisst-saw/cisstNetlib/hanson-haskell/fortran/wnlsm.f:666:18:[m[K

  666 |  1210 GO TO IGO980, (90)
      |                  [01;35m[K1[m[K
[01;35m[KWarning:[m[K Deleted feature: Assigned GOTO statement at (1)
[01m[K/home/hands/ros_ws/src/cisst-saw/cisstNetlib/hanson-haskell/fortran/wnlsm.f:667:18:[m[K

  667 |  1220 GO TO IGO991, (30)
      |                  [01;35m[K1[m[K
[01;35m[KWarning:[m[K Deleted feature: Assigned GOTO statement at (1)
[01m[K/home/hands/ros_ws/src/cisst-saw/cisstNetlib/hanson-haskell/fortran/wnlsm.f:668:18:[m[K

  668 |  1230 GO TO IGO998, (10)
      |                  [01;35m[K1[m[K
[01;35m[KWarning:[m[K Deleted feature: Assigned GOTO statement at (1)
[01m[K/home/hands/ros_ws/src/cisst-saw/cisstNetlib/hanson-haskell/fortran/wnlsm.f:669:18:[m[K

  669 |  1240 GO TO IGO995, (20)
      |                  [01;35m[K1[m[K
[01;35m[KWarning:[m[K Deleted feature: Assigned GOTO statement at (1)
[01m[K/home/hands/ros_ws/src/cisst-saw/cisstNetlib/hanson-haskell/fortran/wnlsm.f:670:18:[m[K

  670 |  1250 GO TO IGO983, (60)
      |                  [01;35m[K1[m[K
[01;35m[KWarning:[m[K Deleted feature: Assigned GOTO statement at (1)
[01m[K/home/hands/ros_ws/src/cisst-saw/cisstNetlib/hanson-haskell/fortran/wnlsm.f:671:18:[m[K

  671 |  1260 GO TO IGO977, (220)
      |                  [01;35m[K1[m[K
[01;35m[KWarning:[m[K Deleted feature: Assigned GOTO statement at (1)
[01m[K/home/hands/ros_ws/src/cisst-saw/cisstNetlib/hanson-haskell/fortran/wnlsm.f:672:18:[m[K

  672 |  1270 GO TO IGO958, (310, 1010)
      |                  [01;35m[K1[m[K
[01;35m[KWarning:[m[K Deleted feature: Assigned GOTO statement at (1)
[01m[K/home/hands/ros_ws/src/cisst-saw/cisstNetlib/hanson-haskell/fortran/wnlsm.f:673:18:[m[K

  673 |  1280 GO TO IGO897, (880, 900)
      |                  [01;35m[K1[m[K
[01;35m[KWarning:[m[K Deleted feature: Assigned GOTO statement at (1)
[01m[K/home/hands/ros_ws/src/cisst-saw/cisstNetlib/hanson-haskell/fortran/wnlsm.f:674:18:[m[K

  674 |  1290 GO TO IGO938, (460, 480, 500, 520)
      |                  [01;35m[K1[m[K
[01;35m[KWarning:[m[K Deleted feature: Assigned GOTO statement at (1)
[01m[K/home/hands/ros_ws/src/cisst-saw/cisstNetlib/hanson-haskell/fortran/wnnls.f:277:21:[m[K

  277 |       CALL XERRWV(70HWNNLS( ), INSUFFICIENT STORAGE ALLOCATED FOR WORK(*
      |                     [01;35m[K1[m[K
[01;35m[KWarning:[m[K Legacy Extension: Hollerith constant at (1)
[01m[K/home/hands/ros_ws/src/cisst-saw/cisstNetlib/hanson-haskell/fortran/wnnls.f:287:21:[m[K

  287 |       CALL XERRWV(72HWNNLS( ), INSUFFICIENT STORAGE ALLOCATED FOR IWORK(
      |                     [01;35m[K1[m[K
[01;35m[KWarning:[m[K Legacy Extension: Hollerith constant at (1)
[01m[K/home/hands/ros_ws/src/cisst-saw/cisstNetlib/hanson-haskell/fortran/wnnls.f:295:21:[m[K

  295 |       CALL XERROR(44HWNNLS( ), THE VALUE MDW.LT.ME+MA IS AN ERROR, 44,
      |                     [01;35m[K1[m[K
[01;35m[KWarning:[m[K Legacy Extension: Hollerith constant at (1)
[01m[K/home/hands/ros_ws/src/cisst-saw/cisstNetlib/hanson-haskell/fortran/wnnls.f:302:21:[m[K

  302 |       CALL XERROR(39HWNNLS( ), L.LE.0.AND.L.LE.N IS REQUIRED, 39, NERR,
      |                     [01;35m[K1[m[K
[01;35m[KWarning:[m[K Legacy Extension: Hollerith constant at (1)
[01m[K/home/hands/ros_ws/src/cisst-saw/cisstNetlib/hanson-haskell/fortran/wnnls.f:282:22:[m[K

  282 |    20 IF (.NOT.(IWORK(2).GT.0)) GO TO 40
      |                      [01;35m[K1[m[K
[01;35m[KWarning:[m[K Array reference at (1) is out of bounds (2 > 1) in dimension 1
[01m[K/home/hands/ros_ws/src/cisst-saw/cisstNetlib/hanson-haskell/fortran/wnnls.f:284:22:[m[K

  284 |       IF (.NOT.(IWORK(2).LT.LIW)) GO TO 30
      |                      [01;35m[K1[m[K
[01;35m[KWarning:[m[K Array reference at (1) is out of bounds (2 > 1) in dimension 1
[01m[K/home/hands/ros_ws/src/cisst-saw/cisstNetlib/hanson-haskell/fortran/xerdmp.f:14:20:[m[K

   14 |       CALL XERSAV(1H ,0,0,0,KOUNT)
      |                    [01;35m[K1[m[K
[01;35m[KWarning:[m[K Legacy Extension: Hollerith constant at (1)
[01m[K/home/hands/ros_ws/src/cisst-saw/cisstNetlib/hanson-haskell/fortran/xerror.f:41:38:[m[K

   41 |       IF (LKNTRL.GT.0) CALL XERPRT(17HFATAL ERROR IN...,17)
      |                                      [01;35m[K1[m[K
[01;35m[KWarning:[m[K Legacy Extension: Hollerith constant at (1)
[01m[K/home/hands/ros_ws/src/cisst-saw/cisstNetlib/hanson-haskell/fortran/xerror.f:42:22:[m[K

   42 |       CALL XERPRT (33HXERROR -- NMESSG MUST BE POSITIVE,33)
      |                      [01;35m[K1[m[K
[01;35m[KWarning:[m[K Legacy Extension: Hollerith constant at (1)
[01m[K/home/hands/ros_ws/src/cisst-saw/cisstNetlib/hanson-haskell/fortran/xerror.f:44:38:[m[K

   44 |       IF (LKNTRL.GT.0) CALL XERPRT(29HJOB ABORT DUE TO FATAL ERROR.,
      |                                      [01;35m[K1[m[K
[01;35m[KWarning:[m[K Legacy Extension: Hollerith constant at (1)
[01m[K/home/hands/ros_ws/src/cisst-saw/cisstNetlib/hanson-haskell/fortran/xerror.f:46:38:[m[K

   46 |       IF (LKNTRL.GT.0) CALL XERSAV (1H ,0,0,0,KDUMMY)
      |                                      [01;35m[K1[m[K
[01;35m[KWarning:[m[K Legacy Extension: Hollerith constant at (1)
[01m[K/home/hands/ros_ws/src/cisst-saw/cisstNetlib/hanson-haskell/fortran/xerror.f:47:22:[m[K

   47 |       CALL XERABT (23HXERROR -- INVALID INPUT,23)
      |                      [01;35m[K1[m[K
[01;35m[KWarning:[m[K Legacy Extension: Hollerith constant at (1)
[01m[K/home/hands/ros_ws/src/cisst-saw/cisstNetlib/hanson-haskell/fortran/xerror.f:51:38:[m[K

   51 |       IF (LKNTRL.GT.0) CALL XERPRT(17HFATAL ERROR IN...,17)
      |                                      [01;35m[K1[m[K
[01;35m[KWarning:[m[K Legacy Extension: Hollerith constant at (1)
[01m[K/home/hands/ros_ws/src/cisst-saw/cisstNetlib/hanson-haskell/fortran/xerror.f:52:22:[m[K

   52 |       CALL XERPRT (28HXERROR -- NERR=0 IS AN ERROR,28)
      |                      [01;35m[K1[m[K
[01;35m[KWarning:[m[K Legacy Extension: Hollerith constant at (1)
[01m[K/home/hands/ros_ws/src/cisst-saw/cisstNetlib/hanson-haskell/fortran/xerror.f:54:38:[m[K

   54 |       IF (LKNTRL.GT.0) CALL XERPRT(29HJOB ABORT DUE TO FATAL ERROR.,
      |                                      [01;35m[K1[m[K
[01;35m[KWarning:[m[K Legacy Extension: Hollerith constant at (1)
[01m[K/home/hands/ros_ws/src/cisst-saw/cisstNetlib/hanson-haskell/fortran/xerror.f:56:38:[m[K

   56 |       IF (LKNTRL.GT.0) CALL XERSAV (1H ,0,0,0,KDUMMY)
      |                                      [01;35m[K1[m[K
[01;35m[KWarning:[m[K Legacy Extension: Hollerith constant at (1)
[01m[K/home/hands/ros_ws/src/cisst-saw/cisstNetlib/hanson-haskell/fortran/xerror.f:57:22:[m[K

   57 |       CALL XERABT (23HXERROR -- INVALID INPUT,23)
      |                      [01;35m[K1[m[K
[01;35m[KWarning:[m[K Legacy Extension: Hollerith constant at (1)
[01m[K/home/hands/ros_ws/src/cisst-saw/cisstNetlib/hanson-haskell/fortran/xerror.f:61:38:[m[K

   61 |       IF (LKNTRL.GT.0) CALL XERPRT(17HFATAL ERROR IN...,17)
      |                                      [01;35m[K1[m[K
[01;35m[KWarning:[m[K Legacy Extension: Hollerith constant at (1)
[01m[K/home/hands/ros_ws/src/cisst-saw/cisstNetlib/hanson-haskell/fortran/xerror.f:62:22:[m[K

   62 |       CALL XERPRT (32HXERROR -- INVALID VALUE OF LEVEL,32)
      |                      [01;35m[K1[m[K
[01;35m[KWarning:[m[K Legacy Extension: Hollerith constant at (1)
[01m[K/home/hands/ros_ws/src/cisst-saw/cisstNetlib/hanson-haskell/fortran/xerror.f:64:38:[m[K

   64 |       IF (LKNTRL.GT.0) CALL XERPRT(29HJOB ABORT DUE TO FATAL ERROR.,
      |                                      [01;35m[K1[m[K
[01;35m[KWarning:[m[K Legacy Extension: Hollerith constant at (1)
[01m[K/home/hands/ros_ws/src/cisst-saw/cisstNetlib/hanson-haskell/fortran/xerror.f:66:38:[m[K

   66 |       IF (LKNTRL.GT.0) CALL XERSAV (1H ,0,0,0,KDUMMY)
      |                                      [01;35m[K1[m[K
[01;35m[KWarning:[m[K Legacy Extension: Hollerith constant at (1)
[01m[K/home/hands/ros_ws/src/cisst-saw/cisstNetlib/hanson-haskell/fortran/xerror.f:67:22:[m[K

   67 |       CALL XERABT (23HXERROR -- INVALID INPUT,23)
      |                      [01;35m[K1[m[K
[01;35m[KWarning:[m[K Legacy Extension: Hollerith constant at (1)
[01m[K/home/hands/ros_ws/src/cisst-saw/cisstNetlib/hanson-haskell/fortran/xerrwv.f:49:41:[m[K

   49 |          IF (LKNTRL.GT.0) CALL XERPRT(17HFATAL ERROR IN...,17)
      |                                         [01;35m[K1[m[K
[01;35m[KWarning:[m[K Legacy Extension: Hollerith constant at (1)
[01m[K/home/hands/ros_ws/src/cisst-saw/cisstNetlib/hanson-haskell/fortran/xerrwv.f:50:22:[m[K

   50 |       CALL XERPRT (33HXERRWV -- NMESSG MUST BE POSITIVE,33)
      |                      [01;35m[K1[m[K
[01;35m[KWarning:[m[K Legacy Extension: Hollerith constant at (1)
[01m[K/home/hands/ros_ws/src/cisst-saw/cisstNetlib/hanson-haskell/fortran/xerrwv.f:52:38:[m[K

   52 |       IF (LKNTRL.GT.0) CALL XERPRT(29HJOB ABORT DUE TO FATAL ERROR.,
      |                                      [01;35m[K1[m[K
[01;35m[KWarning:[m[K Legacy Extension: Hollerith constant at (1)
[01m[K/home/hands/ros_ws/src/cisst-saw/cisstNetlib/hanson-haskell/fortran/xerrwv.f:54:37:[m[K

   54 |       IF (LKNTRL.GT.0) CALL XERSAV(1H ,0,0,0,KDUMMY)
      |                                     [01;35m[K1[m[K
[01;35m[KWarning:[m[K Legacy Extension: Hollerith constant at (1)
[01m[K/home/hands/ros_ws/src/cisst-saw/cisstNetlib/hanson-haskell/fortran/xerrwv.f:55:22:[m[K

   55 |       CALL XERABT (23HXERRWV -- INVALID INPUT,23)
      |                      [01;35m[K1[m[K
[01;35m[KWarning:[m[K Legacy Extension: Hollerith constant at (1)
[01m[K/home/hands/ros_ws/src/cisst-saw/cisstNetlib/hanson-haskell/fortran/xerrwv.f:59:38:[m[K

   59 |       IF (LKNTRL.GT.0) CALL XERPRT(17HFATAL ERROR IN...,17)
      |                                      [01;35m[K1[m[K
[01;35m[KWarning:[m[K Legacy Extension: Hollerith constant at (1)
[01m[K/home/hands/ros_ws/src/cisst-saw/cisstNetlib/hanson-haskell/fortran/xerrwv.f:60:22:[m[K

   60 |       CALL XERPRT (28HXERRWV -- NERR=0 IS AN ERROR,28)
      |                      [01;35m[K1[m[K
[01;35m[KWarning:[m[K Legacy Extension: Hollerith constant at (1)
[01m[K/home/hands/ros_ws/src/cisst-saw/cisstNetlib/hanson-haskell/fortran/xerrwv.f:62:38:[m[K

   62 |       IF (LKNTRL.GT.0) CALL XERPRT(29HJOB ABORT DUE TO FATAL ERROR.,
      |                                      [01;35m[K1[m[K
[01;35m[KWarning:[m[K Legacy Extension: Hollerith constant at (1)
[01m[K/home/hands/ros_ws/src/cisst-saw/cisstNetlib/hanson-haskell/fortran/xerrwv.f:64:37:[m[K

   64 |       IF (LKNTRL.GT.0) CALL XERSAV(1H ,0,0,0,KDUMMY)
      |                                     [01;35m[K1[m[K
[01;35m[KWarning:[m[K Legacy Extension: Hollerith constant at (1)
[01m[K/home/hands/ros_ws/src/cisst-saw/cisstNetlib/hanson-haskell/fortran/xerrwv.f:65:22:[m[K

   65 |       CALL XERABT (23HXERRWV -- INVALID INPUT,23)
      |                      [01;35m[K1[m[K
[01;35m[KWarning:[m[K Legacy Extension: Hollerith constant at (1)
[01m[K/home/hands/ros_ws/src/cisst-saw/cisstNetlib/hanson-haskell/fortran/xerrwv.f:69:38:[m[K

   69 |       IF (LKNTRL.GT.0) CALL XERPRT(17HFATAL ERROR IN...,17)
      |                                      [01;35m[K1[m[K
[01;35m[KWarning:[m[K Legacy Extension: Hollerith constant at (1)
[01m[K/home/hands/ros_ws/src/cisst-saw/cisstNetlib/hanson-haskell/fortran/xerrwv.f:70:22:[m[K

   70 |       CALL XERPRT (32HXERRWV -- INVALID VALUE OF LEVEL,32)
      |                      [01;35m[K1[m[K
[01;35m[KWarning:[m[K Legacy Extension: Hollerith constant at (1)
[01m[K/home/hands/ros_ws/src/cisst-saw/cisstNetlib/hanson-haskell/fortran/xerrwv.f:72:41:[m[K

   72 |          IF (LKNTRL.GT.0) CALL XERPRT(29HJOB ABORT DUE TO FATAL ERROR.,
      |                                         [01;35m[K1[m[K
[01;35m[KWarning:[m[K Legacy Extension: Hollerith constant at (1)
[01m[K/home/hands/ros_ws/src/cisst-saw/cisstNetlib/hanson-haskell/fortran/xerrwv.f:74:40:[m[K

   74 |          IF (LKNTRL.GT.0) CALL XERSAV(1H ,0,0,0,KDUMMY)
      |                                        [01;35m[K1[m[K
[01;35m[KWarning:[m[K Legacy Extension: Hollerith constant at (1)
[01m[K/home/hands/ros_ws/src/cisst-saw/cisstNetlib/hanson-haskell/fortran/xerrwv.f:75:24:[m[K

   75 |          CALL XERABT(23HXERROR -- INVALID INPUT,23)
      |                        [01;35m[K1[m[K
[01;35m[KWarning:[m[K Legacy Extension: Hollerith constant at (1)
[01m[K/home/hands/ros_ws/src/cisst-saw/cisstNetlib/hanson-haskell/fortran/xerrwv.f:100:26:[m[K

  100 |             CALL XERPRT(1H ,1)
      |                          [01;35m[K1[m[K
[01;35m[KWarning:[m[K Legacy Extension: Hollerith constant at (1)
[01m[K/home/hands/ros_ws/src/cisst-saw/cisstNetlib/hanson-haskell/fortran/xerrwv.f:103:10:[m[K

  103 |      1(57HWARNING MESSAGE...THIS MESSAGE WILL ONLY BE PRINTED ONCE.,57)
      |          [01;35m[K1[m[K
[01;35m[KWarning:[m[K Legacy Extension: Hollerith constant at (1)
[01m[K/home/hands/ros_ws/src/cisst-saw/cisstNetlib/hanson-haskell/fortran/xerrwv.f:104:44:[m[K

  104 |             IF (LLEVEL.EQ.0) CALL XERPRT(13HWARNING IN...,13)
      |                                            [01;35m[K1[m[K
[01;35m[KWarning:[m[K Legacy Extension: Hollerith constant at (1)
[01m[K/home/hands/ros_ws/src/cisst-saw/cisstNetlib/hanson-haskell/fortran/xerrwv.f:106:16:[m[K

  106 |      1      (23HRECOVERABLE ERROR IN...,23)
      |                [01;35m[K1[m[K
[01;35m[KWarning:[m[K Legacy Extension: Hollerith constant at (1)
[01m[K/home/hands/ros_ws/src/cisst-saw/cisstNetlib/hanson-haskell/fortran/xerrwv.f:107:44:[m[K

  107 |             IF (LLEVEL.EQ.2) CALL XERPRT(17HFATAL ERROR IN...,17)
      |                                            [01;35m[K1[m[K
[01;35m[KWarning:[m[K Legacy Extension: Hollerith constant at (1)
[01m[K/home/hands/ros_ws/src/cisst-saw/cisstNetlib/hanson-haskell/fortran/xerrwv.f:140:13:[m[K

  140 |      1   (35HJOB ABORT DUE TO UNRECOVERED ERROR.,35)
      |             [01;35m[K1[m[K
[01;35m[KWarning:[m[K Legacy Extension: Hollerith constant at (1)
[01m[K/home/hands/ros_ws/src/cisst-saw/cisstNetlib/hanson-haskell/fortran/xerrwv.f:142:13:[m[K

  142 |      1   (29HJOB ABORT DUE TO FATAL ERROR.,29)
      |             [01;35m[K1[m[K
[01;35m[KWarning:[m[K Legacy Extension: Hollerith constant at (1)
[01m[K/home/hands/ros_ws/src/cisst-saw/cisstNetlib/hanson-haskell/fortran/xerrwv.f:144:23:[m[K

  144 |          CALL XERSAV(1H ,0,0,0,KDUMMY)
      |                       [01;35m[K1[m[K
[01;35m[KWarning:[m[K Legacy Extension: Hollerith constant at (1)
[01m[K/home/hands/ros_ws/src/cisst-saw/cisstNetlib/hanson-haskell/fortran/xersav.f:72:72:[m[K

   72 |    70       KOUNT(I) = 0
      |                                                                        [01;35m[K1[m[K
[01;35m[KWarning:[m[K Fortran 2018 deleted feature: DO termination statement which is not END DO or CONTINUE with label 70 at (1)
[01m[K/home/hands/ros_ws/src/cisst-saw/cisstNetlib/lawson-hanson/fortran/h12.f:52:72:[m[K

   52 |    10     CL=MAX(abs(U(1,J)),CL)
      |                                                                        [01;35m[K1[m[K
[01;35m[KWarning:[m[K Fortran 2018 deleted feature: DO termination statement which is not END DO or CONTINUE with label 10 at (1)
[01m[K/home/hands/ros_ws/src/cisst-saw/cisstNetlib/lawson-hanson/fortran/h12.f:53:72:[m[K

   53 |       IF (CL) 130,130,20
      |                                                                        [01;35m[K1[m[K
[01;35m[KWarning:[m[K Fortran 2018 deleted feature: Arithmetic IF statement at (1)
[01m[K/home/hands/ros_ws/src/cisst-saw/cisstNetlib/lawson-hanson/fortran/h12.f:57:72:[m[K

   57 |    30     SM=SM+(U(1,J)*CLINV)**2
      |                                                                        [01;35m[K1[m[K
[01;35m[KWarning:[m[K Fortran 2018 deleted feature: DO termination statement which is not END DO or CONTINUE with label 30 at (1)
[01m[K/home/hands/ros_ws/src/cisst-saw/cisstNetlib/lawson-hanson/fortran/h12.f:59:72:[m[K

   59 |       IF (U(1,LPIVOT)) 50,50,40
      |                                                                        [01;35m[K1[m[K
[01;35m[KWarning:[m[K Fortran 2018 deleted feature: Arithmetic IF statement at (1)
[01m[K/home/hands/ros_ws/src/cisst-saw/cisstNetlib/lawson-hanson/fortran/h12.f:66:72:[m[K

   66 |    60 IF (CL) 130,130,70
      |                                                                        [01;35m[K1[m[K
[01;35m[KWarning:[m[K Fortran 2018 deleted feature: Arithmetic IF statement at (1)
[01m[K/home/hands/ros_ws/src/cisst-saw/cisstNetlib/lawson-hanson/fortran/h12.f:71:72:[m[K

   71 |       IF (B) 80,130,130
      |                                                                        [01;35m[K1[m[K
[01;35m[KWarning:[m[K Fortran 2018 deleted feature: Arithmetic IF statement at (1)
[01m[K/home/hands/ros_ws/src/cisst-saw/cisstNetlib/lawson-hanson/fortran/h12.f:82:72:[m[K

   82 |    90         I3=I3+ICE
      |                                                                        [01;35m[K1[m[K
[01;35m[KWarning:[m[K Fortran 2018 deleted feature: DO termination statement which is not END DO or CONTINUE with label 90 at (1)
[01m[K/home/hands/ros_ws/src/cisst-saw/cisstNetlib/lawson-hanson/fortran/h12.f:83:72:[m[K

   83 |           IF (SM) 100,120,100
      |                                                                        [01;35m[K1[m[K
[01;35m[KWarning:[m[K Fortran 2018 deleted feature: Arithmetic IF statement at (1)
[01m[K/home/hands/ros_ws/src/cisst-saw/cisstNetlib/lawson-hanson/fortran/h12.f:88:72:[m[K

   88 |   110         I4=I4+ICE
      |                                                                        [01;35m[K1[m[K
[01;35m[KWarning:[m[K Fortran 2018 deleted feature: DO termination statement which is not END DO or CONTINUE with label 110 at (1)
[01m[K/home/hands/ros_ws/src/cisst-saw/cisstNetlib/lawson-hanson/fortran/hfti.f:35:72:[m[K

   35 |           IF(DIFF(HMAX+FACTOR*H(LMAX),HMAX)) 20,20,50
      |                                                                        [01;35m[K1[m[K
[01;35m[KWarning:[m[K Fortran 2018 deleted feature: Arithmetic IF statement at (1)
[01m[K/home/hands/ros_ws/src/cisst-saw/cisstNetlib/lawson-hanson/fortran/hfti.f:43:72:[m[K

   43 |    30             H(L)=H(L)+A(I,L)**2
      |                                                                        [01;35m[K1[m[K
[01;35m[KWarning:[m[K Fortran 2018 deleted feature: DO termination statement which is not END DO or CONTINUE with label 30 at (1)
[01m[K/home/hands/ros_ws/src/cisst-saw/cisstNetlib/lawson-hanson/fortran/hfti.f:58:72:[m[K

   58 |    60         A(I,LMAX)=TMP
      |                                                                        [01;35m[K1[m[K
[01;35m[KWarning:[m[K Fortran 2018 deleted feature: DO termination statement which is not END DO or CONTINUE with label 60 at (1)
[01m[K/home/hands/ros_ws/src/cisst-saw/cisstNetlib/lawson-hanson/fortran/hfti.f:64:72:[m[K

   64 |    80     CALL H12 (2,J,J+1,M,A(1,J),1,H(J),B,1,MDB,NB)
      |                                                                        [01;35m[K1[m[K
[01;35m[KWarning:[m[K Fortran 2018 deleted feature: DO termination statement which is not END DO or CONTINUE with label 80 at (1)
[01m[K/home/hands/ros_ws/src/cisst-saw/cisstNetlib/lawson-hanson/fortran/hfti.f:83:72:[m[K

   83 |   120         TMP=TMP+B(I,JB)**2
      |                                                                        [01;35m[K1[m[K
[01;35m[KWarning:[m[K Fortran 2018 deleted feature: DO termination statement which is not END DO or CONTINUE with label 120 at (1)
[01m[K/home/hands/ros_ws/src/cisst-saw/cisstNetlib/lawson-hanson/fortran/hfti.f:84:72:[m[K

   84 |   130     RNORM(JB)=SQRT(TMP)
      |                                                                        [01;35m[K1[m[K
[01;35m[KWarning:[m[K Fortran 2018 deleted feature: DO termination statement which is not END DO or CONTINUE with label 130 at (1)
[01m[K/home/hands/ros_ws/src/cisst-saw/cisstNetlib/lawson-hanson/fortran/hfti.f:90:72:[m[K

   90 |               DO 150 I=1,N
      |                                                                        [01;35m[K1[m[K
[01;35m[KWarning:[m[K Fortran 2018 deleted feature: Shared DO termination label 150 at (1)
[01m[K/home/hands/ros_ws/src/cisst-saw/cisstNetlib/lawson-hanson/fortran/hfti.f:91:72:[m[K

   91 |   150         B(I,JB)=ZERO
      |                                                                        [01;35m[K1[m[K
[01;35m[KWarning:[m[K Fortran 2018 deleted feature: DO termination statement which is not END DO or CONTINUE with label 150 at (1)
[01m[K/home/hands/ros_ws/src/cisst-saw/cisstNetlib/lawson-hanson/fortran/hfti.f:100:72:[m[K

  100 |   170     CALL H12 (1,I,KP1,N,A(I,1),MDA,G(I),A,MDA,1,I-1)
      |                                                                        [01;35m[K1[m[K
[01;35m[KWarning:[m[K Fortran 2018 deleted feature: DO termination statement which is not END DO or CONTINUE with label 170 at (1)
[01m[K/home/hands/ros_ws/src/cisst-saw/cisstNetlib/lawson-hanson/fortran/hfti.f:115:72:[m[K

  115 |   190             SM=SM+A(I,J)*B(J,JB)
      |                                                                        [01;35m[K1[m[K
[01;35m[KWarning:[m[K Fortran 2018 deleted feature: DO termination statement which is not END DO or CONTINUE with label 190 at (1)
[01m[K/home/hands/ros_ws/src/cisst-saw/cisstNetlib/lawson-hanson/fortran/hfti.f:117:72:[m[K

  117 |   210         B(I,JB)=(B(I,JB)-SM)/A(I,I)
      |                                                                        [01;35m[K1[m[K
[01;35m[KWarning:[m[K Fortran 2018 deleted feature: DO termination statement which is not END DO or CONTINUE with label 210 at (1)
[01m[K/home/hands/ros_ws/src/cisst-saw/cisstNetlib/lawson-hanson/fortran/hfti.f:123:72:[m[K

  123 |   220         B(J,JB)=ZERO
      |                                                                        [01;35m[K1[m[K
[01;35m[KWarning:[m[K Fortran 2018 deleted feature: DO termination statement which is not END DO or CONTINUE with label 220 at (1)
[01m[K/home/hands/ros_ws/src/cisst-saw/cisstNetlib/lawson-hanson/fortran/hfti.f:125:72:[m[K

  125 |   230         CALL H12 (2,I,KP1,N,A(I,1),MDA,G(I),B(1,JB),1,MDB,1)
      |                                                                        [01;35m[K1[m[K
[01;35m[KWarning:[m[K Fortran 2018 deleted feature: DO termination statement which is not END DO or CONTINUE with label 230 at (1)
[01m[K/home/hands/ros_ws/src/cisst-saw/cisstNetlib/lawson-hanson/fortran/ldp.f:21:72:[m[K

   21 |    10     X(J)=ZERO
      |                                                                        [01;35m[K1[m[K
[01;35m[KWarning:[m[K Fortran 2018 deleted feature: DO termination statement which is not END DO or CONTINUE with label 10 at (1)
[01m[K/home/hands/ros_ws/src/cisst-saw/cisstNetlib/lawson-hanson/fortran/ldp.f:39:72:[m[K

   39 |    20         W(IW)=G(J,I)
      |                                                                        [01;35m[K1[m[K
[01;35m[KWarning:[m[K Fortran 2018 deleted feature: DO termination statement which is not END DO or CONTINUE with label 20 at (1)
[01m[K/home/hands/ros_ws/src/cisst-saw/cisstNetlib/lawson-hanson/fortran/ldp.f:41:72:[m[K

   41 |    30     W(IW)=H(J)
      |                                                                        [01;35m[K1[m[K
[01;35m[KWarning:[m[K Fortran 2018 deleted feature: DO termination statement which is not END DO or CONTINUE with label 30 at (1)
[01m[K/home/hands/ros_ws/src/cisst-saw/cisstNetlib/lawson-hanson/fortran/ldp.f:46:72:[m[K

   46 |    40     W(IW)=ZERO
      |                                                                        [01;35m[K1[m[K
[01;35m[KWarning:[m[K Fortran 2018 deleted feature: DO termination statement which is not END DO or CONTINUE with label 40 at (1)
[01m[K/home/hands/ros_ws/src/cisst-saw/cisstNetlib/lawson-hanson/fortran/ldp.f:58:72:[m[K

   58 |       IF (RNORM) 130,130,50
      |                                                                        [01;35m[K1[m[K
[01;35m[KWarning:[m[K Fortran 2018 deleted feature: Arithmetic IF statement at (1)
[01m[K/home/hands/ros_ws/src/cisst-saw/cisstNetlib/lawson-hanson/fortran/ldp.f:64:72:[m[K

   64 |    60     FAC=FAC-H(I)*W(IW)
      |                                                                        [01;35m[K1[m[K
[01;35m[KWarning:[m[K Fortran 2018 deleted feature: DO termination statement which is not END DO or CONTINUE with label 60 at (1)
[01m[K/home/hands/ros_ws/src/cisst-saw/cisstNetlib/lawson-hanson/fortran/ldp.f:66:72:[m[K

   66 |       IF (DIFF(ONE+FAC,ONE)) 130,130,70
      |                                                                        [01;35m[K1[m[K
[01;35m[KWarning:[m[K Fortran 2018 deleted feature: Arithmetic IF statement at (1)
[01m[K/home/hands/ros_ws/src/cisst-saw/cisstNetlib/lawson-hanson/fortran/ldp.f:73:72:[m[K

   73 |    80         X(J)=X(J)+G(I,J)*W(IW)
      |                                                                        [01;35m[K1[m[K
[01;35m[KWarning:[m[K Fortran 2018 deleted feature: DO termination statement which is not END DO or CONTINUE with label 80 at (1)
[01m[K/home/hands/ros_ws/src/cisst-saw/cisstNetlib/lawson-hanson/fortran/ldp.f:74:72:[m[K

   74 |    90     X(J)=X(J)*FAC
      |                                                                        [01;35m[K1[m[K
[01;35m[KWarning:[m[K Fortran 2018 deleted feature: DO termination statement which is not END DO or CONTINUE with label 90 at (1)
[01m[K/home/hands/ros_ws/src/cisst-saw/cisstNetlib/lawson-hanson/fortran/ldp.f:76:72:[m[K

   76 |   100     XNORM=XNORM+X(J)**2
      |                                                                        [01;35m[K1[m[K
[01;35m[KWarning:[m[K Fortran 2018 deleted feature: DO termination statement which is not END DO or CONTINUE with label 100 at (1)
[01m[K/home/hands/ros_ws/src/cisst-saw/cisstNetlib/lawson-hanson/fortran/nnls.f:76:72:[m[K

   76 |    20     INDEX(I)=I
      |                                                                        [01;35m[K1[m[K
[01;35m[KWarning:[m[K Fortran 2018 deleted feature: DO termination statement which is not END DO or CONTINUE with label 20 at (1)
[01m[K/home/hands/ros_ws/src/cisst-saw/cisstNetlib/lawson-hanson/fortran/nnls.f:95:72:[m[K

   95 |    40        SM=SM+A(L,J)*B(L)
      |                                                                        [01;35m[K1[m[K
[01;35m[KWarning:[m[K Fortran 2018 deleted feature: DO termination statement which is not END DO or CONTINUE with label 40 at (1)
[01m[K/home/hands/ros_ws/src/cisst-saw/cisstNetlib/lawson-hanson/fortran/nnls.f:125:72:[m[K

  125 |    90       UNORM=UNORM+A(L,J)**2
      |                                                                        [01;35m[K1[m[K
[01;35m[KWarning:[m[K Fortran 2018 deleted feature: DO termination statement which is not END DO or CONTINUE with label 90 at (1)
[01m[K/home/hands/ros_ws/src/cisst-saw/cisstNetlib/lawson-hanson/fortran/nnls.f:134:72:[m[K

  134 |   120        ZZ(L)=B(L)
      |                                                                        [01;35m[K1[m[K
[01;35m[KWarning:[m[K Fortran 2018 deleted feature: DO termination statement which is not END DO or CONTINUE with label 120 at (1)
[01m[K/home/hands/ros_ws/src/cisst-saw/cisstNetlib/lawson-hanson/fortran/nnls.f:158:72:[m[K

  158 |   150    B(L)=ZZ(L)
      |                                                                        [01;35m[K1[m[K
[01;35m[KWarning:[m[K Fortran 2018 deleted feature: DO termination statement which is not END DO or CONTINUE with label 150 at (1)
[01m[K/home/hands/ros_ws/src/cisst-saw/cisstNetlib/lawson-hanson/fortran/nnls.f:175:72:[m[K

  175 |   180       A(L,J)=ZERO
      |                                                                        [01;35m[K1[m[K
[01;35m[KWarning:[m[K Fortran 2018 deleted feature: DO termination statement which is not END DO or CONTINUE with label 180 at (1)
[01m[K/home/hands/ros_ws/src/cisst-saw/cisstNetlib/lawson-hanson/fortran/nnls.f:277:72:[m[K

  277 |   310     ZZ(I)=B(I)
      |                                                                        [01;35m[K1[m[K
[01;35m[KWarning:[m[K Fortran 2018 deleted feature: DO termination statement which is not END DO or CONTINUE with label 310 at (1)
[01m[K/home/hands/ros_ws/src/cisst-saw/cisstNetlib/lawson-hanson/fortran/nnls.f:287:72:[m[K

  287 |   340     X(I)=ZZ(IP)
      |                                                                        [01;35m[K1[m[K
[01;35m[KWarning:[m[K Fortran 2018 deleted feature: DO termination statement which is not END DO or CONTINUE with label 340 at (1)
[01m[K/home/hands/ros_ws/src/cisst-saw/cisstNetlib/lawson-hanson/fortran/nnls.f:300:72:[m[K

  300 |   360       SM=SM+B(I)**2
      |                                                                        [01;35m[K1[m[K
[01;35m[KWarning:[m[K Fortran 2018 deleted feature: DO termination statement which is not END DO or CONTINUE with label 360 at (1)
[01m[K/home/hands/ros_ws/src/cisst-saw/cisstNetlib/lawson-hanson/fortran/nnls.f:303:72:[m[K

  303 |   380       W(J)=ZERO
      |                                                                        [01;35m[K1[m[K
[01;35m[KWarning:[m[K Fortran 2018 deleted feature: DO termination statement which is not END DO or CONTINUE with label 380 at (1)
[01m[K/home/hands/ros_ws/src/cisst-saw/cisstNetlib/lawson-hanson/fortran/qrbd.f:67:72:[m[K

   67 |    10      DNORM=max(abs(Q(J))+abs(E(J)),DNORM)
      |                                                                        [01;35m[K1[m[K
[01;35m[KWarning:[m[K Fortran 2018 deleted feature: DO termination statement which is not END DO or CONTINUE with label 10 at (1)
[01m[K/home/hands/ros_ws/src/cisst-saw/cisstNetlib/lawson-hanson/fortran/qrbd.f:226:72:[m[K

  226 |   180           V(J,K)=-V(J,K)
      |                                                                        [01;35m[K1[m[K
[01;35m[KWarning:[m[K Fortran 2018 deleted feature: DO termination statement which is not END DO or CONTINUE with label 180 at (1)
[01m[K/home/hands/ros_ws/src/cisst-saw/cisstNetlib/lawson-hanson/fortran/qrbd.f:255:72:[m[K

  255 |   240           C(K,J)=T
      |                                                                        [01;35m[K1[m[K
[01;35m[KWarning:[m[K Fortran 2018 deleted feature: DO termination statement which is not END DO or CONTINUE with label 240 at (1)
[01m[K/home/hands/ros_ws/src/cisst-saw/cisstNetlib/lawson-hanson/fortran/qrbd.f:262:72:[m[K

  262 |   260           V(J,K)=T
      |                                                                        [01;35m[K1[m[K
[01;35m[KWarning:[m[K Fortran 2018 deleted feature: DO termination statement which is not END DO or CONTINUE with label 260 at (1)
[01m[K/home/hands/ros_ws/src/cisst-saw/cisstNetlib/lawson-hanson/fortran/svdrs.f:143:72:[m[K

  143 |    30       A(I,J)=A(I,N)
      |                                                                        [01;35m[K1[m[K
[01;35m[KWarning:[m[K Fortran 2018 deleted feature: DO termination statement which is not END DO or CONTINUE with label 30 at (1)
[01m[K/home/hands/ros_ws/src/cisst-saw/cisstNetlib/lawson-hanson/fortran/svdrs.f:159:72:[m[K

  159 |       IF (A(I,I)) 90,70,90
      |                                                                        [01;35m[K1[m[K
[01;35m[KWarning:[m[K Fortran 2018 deleted feature: Arithmetic IF statement at (1)
[01m[K/home/hands/ros_ws/src/cisst-saw/cisstNetlib/lawson-hanson/fortran/svdrs.f:161:72:[m[K

  161 |           IF (A(I,J)) 90,80,90
      |                                                                        [01;35m[K1[m[K
[01;35m[KWarning:[m[K Fortran 2018 deleted feature: Arithmetic IF statement at (1)
[01m[K/home/hands/ros_ws/src/cisst-saw/cisstNetlib/lawson-hanson/fortran/svdrs.f:172:72:[m[K

  172 |   110     B(M,J)=T
      |                                                                        [01;35m[K1[m[K
[01;35m[KWarning:[m[K Fortran 2018 deleted feature: DO termination statement which is not END DO or CONTINUE with label 110 at (1)
[01m[K/home/hands/ros_ws/src/cisst-saw/cisstNetlib/lawson-hanson/fortran/svdrs.f:174:72:[m[K

  174 |   120     A(I,J)=A(M,J)
      |                                                                        [01;35m[K1[m[K
[01;35m[KWarning:[m[K Fortran 2018 deleted feature: DO termination statement which is not END DO or CONTINUE with label 120 at (1)
[01m[K/home/hands/ros_ws/src/cisst-saw/cisstNetlib/lawson-hanson/fortran/svdrs.f:177:72:[m[K

  177 |   130     A(M,J)=ZERO
      |                                                                        [01;35m[K1[m[K
[01;35m[KWarning:[m[K Fortran 2018 deleted feature: DO termination statement which is not END DO or CONTINUE with label 130 at (1)
[01m[K/home/hands/ros_ws/src/cisst-saw/cisstNetlib/lawson-hanson/fortran/svdrs.f:226:72:[m[K

  226 |   180     WORK(J,1)=A(J-1,J)
      |                                                                        [01;35m[K1[m[K
[01;35m[KWarning:[m[K Fortran 2018 deleted feature: DO termination statement which is not END DO or CONTINUE with label 180 at (1)
[01m[K/home/hands/ros_ws/src/cisst-saw/cisstNetlib/lawson-hanson/fortran/svdrs.f:244:72:[m[K

  244 |   220         A(I,J)=ZERO
      |                                                                        [01;35m[K1[m[K
[01;35m[KWarning:[m[K Fortran 2018 deleted feature: DO termination statement which is not END DO or CONTINUE with label 220 at (1)
[01m[K/home/hands/ros_ws/src/cisst-saw/cisstNetlib/lawson-hanson/fortran/svdrs.f:245:72:[m[K

  245 |   230     A(I,I)=ONE
      |                                                                        [01;35m[K1[m[K
[01;35m[KWarning:[m[K Fortran 2018 deleted feature: DO termination statement which is not END DO or CONTINUE with label 230 at (1)
[01m[K/home/hands/ros_ws/src/cisst-saw/cisstNetlib/lawson-hanson/fortran/svdrs.f:260:72:[m[K

  260 |   250     S(J)=ZERO
      |                                                                        [01;35m[K1[m[K
[01;35m[KWarning:[m[K Fortran 2018 deleted feature: DO termination statement which is not END DO or CONTINUE with label 250 at (1)
[01m[K/home/hands/ros_ws/src/cisst-saw/cisstNetlib/lawson-hanson/fortran/svdrs.f:269:72:[m[K

  269 |   270         A(I,J)=ZERO
      |                                                                        [01;35m[K1[m[K
[01;35m[KWarning:[m[K Fortran 2018 deleted feature: DO termination statement which is not END DO or CONTINUE with label 270 at (1)
[01m[K/home/hands/ros_ws/src/cisst-saw/cisstNetlib/lawson-hanson/fortran/svdrs.f:277:72:[m[K

  277 |   290         A(I,J)=ZERO
      |                                                                        [01;35m[K1[m[K
[01;35m[KWarning:[m[K Fortran 2018 deleted feature: DO termination statement which is not END DO or CONTINUE with label 290 at (1)
