[ 17%] Built target cisstNetlib_Fortran
[ 71%] Built target cisstNetlib_hanson_haskell
[ 91%] Built target cisstNetlib_lawson_hanson
[100%] Built target cisstNetlib
[36mInstall the project...[0m
-- Install configuration: ""
-- Up-to-date: /home/hands/ros_ws/devel/include/cisstNetlib.h
-- Up-to-date: /home/hands/ros_ws/devel/include/cisstNetlib/cisstNetlib-types.h
-- Up-to-date: /home/hands/ros_ws/devel/include/cisstNetlib/cisstNetlib-lapack.h
-- Up-to-date: /home/hands/ros_ws/devel/include/cisstNetlib/cisstNetlib-hanson-haskell.h
-- Up-to-date: /home/hands/ros_ws/devel/include/cisstNetlib/cisstNetlib-lawson-hanson.h
-- Up-to-date: /home/hands/ros_ws/devel/lib/libcisstNetlib_lapack.a
-- Up-to-date: /home/hands/ros_ws/devel/lib/libcisstNetlib_blas.a
-- Up-to-date: /home/hands/ros_ws/devel/lib/libcisstNetlib_gfortran.so
-- Up-to-date: /home/hands/ros_ws/devel/lib/libcisstNetlib_gcc.a
-- Up-to-date: /home/hands/ros_ws/devel/lib/libcisstNetlib_quadmath.a
-- Up-to-date: /home/hands/ros_ws/devel/cmake/CisstNetlibConfig.cmake
-- Up-to-date: /home/hands/ros_ws/devel/lib/libcisstNetlib_hanson_haskell.a
-- Up-to-date: /home/hands/ros_ws/devel/lib/libcisstNetlib_lawson_hanson.a
-- Up-to-date: /home/hands/ros_ws/devel/lib/libcisstNetlib.a
