[35m[1mScanning dependencies of target _crtk_msgs_generate_messages_check_deps_trigger_operating_state[0m
[  0%] Built target _crtk_msgs_generate_messages_check_deps_trigger_operating_state
[35m[1mScanning dependencies of target _crtk_msgs_generate_messages_check_deps_StringStamped[0m
[  0%] Built target _crtk_msgs_generate_messages_check_deps_StringStamped
[35m[1mScanning dependencies of target std_msgs_generate_messages_cpp[0m
[  0%] Built target std_msgs_generate_messages_cpp
[35m[1mScanning dependencies of target _crtk_msgs_generate_messages_check_deps_operating_state[0m
[35m[1mScanning dependencies of target std_msgs_generate_messages_py[0m
[  0%] Built target std_msgs_generate_messages_py
[35m[1mScanning dependencies of target std_msgs_generate_messages_nodejs[0m
[  0%] Built target _crtk_msgs_generate_messages_check_deps_operating_state
[  0%] Built target std_msgs_generate_messages_nodejs
[35m[1mScanning dependencies of target std_msgs_generate_messages_lisp[0m
[35m[1mScanning dependencies of target std_msgs_generate_messages_eus[0m
[  0%] Built target std_msgs_generate_messages_lisp
[  0%] Built target std_msgs_generate_messages_eus
[35m[1mScanning dependencies of target crtk_msgs_generate_messages_cpp[0m
[35m[1mScanning dependencies of target crtk_msgs_generate_messages_py[0m
[  5%] [34m[1mGenerating C++ code from crtk_msgs/operating_state.msg[0m
[ 11%] [34m[1mGenerating Python from MSG crtk_msgs/operating_state[0m
[ 16%] [34m[1mGenerating C++ code from crtk_msgs/StringStamped.msg[0m
[ 22%] [34m[1mGenerating Python from MSG crtk_msgs/StringStamped[0m
[ 27%] [34m[1mGenerating C++ code from crtk_msgs/trigger_operating_state.srv[0m
[ 33%] [34m[1mGenerating Python code from SRV crtk_msgs/trigger_operating_state[0m
[ 33%] Built target crtk_msgs_generate_messages_cpp
[35m[1mScanning dependencies of target crtk_msgs_generate_messages_nodejs[0m
[ 38%] [34m[1mGenerating Javascript code from crtk_msgs/operating_state.msg[0m
[ 44%] [34m[1mGenerating Javascript code from crtk_msgs/StringStamped.msg[0m
[ 50%] [34m[1mGenerating Javascript code from crtk_msgs/trigger_operating_state.srv[0m
[ 55%] [34m[1mGenerating Python msg __init__.py for crtk_msgs[0m
[ 55%] Built target crtk_msgs_generate_messages_nodejs
[35m[1mScanning dependencies of target crtk_msgs_generate_messages_lisp[0m
[ 61%] [34m[1mGenerating Lisp code from crtk_msgs/operating_state.msg[0m
[ 66%] [34m[1mGenerating Lisp code from crtk_msgs/StringStamped.msg[0m
[ 72%] [34m[1mGenerating Lisp code from crtk_msgs/trigger_operating_state.srv[0m
[ 77%] [34m[1mGenerating Python srv __init__.py for crtk_msgs[0m
[ 77%] Built target crtk_msgs_generate_messages_lisp
[35m[1mScanning dependencies of target crtk_msgs_generate_messages_eus[0m
[ 83%] [34m[1mGenerating EusLisp code from crtk_msgs/operating_state.msg[0m
[ 88%] [34m[1mGenerating EusLisp code from crtk_msgs/StringStamped.msg[0m
[ 88%] Built target crtk_msgs_generate_messages_py
[ 94%] [34m[1mGenerating EusLisp code from crtk_msgs/trigger_operating_state.srv[0m
[100%] [34m[1mGenerating EusLisp manifest code for crtk_msgs[0m
[100%] Built target crtk_msgs_generate_messages_eus
[35m[1mScanning dependencies of target crtk_msgs_generate_messages[0m
[100%] Built target crtk_msgs_generate_messages
