Symlinking /home/hands/ros_ws/devel/share/gennodejs/ros/crtk_msgs/_index.js
Symlinking /home/hands/ros_ws/devel/share/gennodejs/ros/crtk_msgs/srv/_index.js
Symlinking /home/hands/ros_ws/devel/share/gennodejs/ros/crtk_msgs/srv/trigger_operating_state.js
Symlinking /home/hands/ros_ws/devel/share/gennodejs/ros/crtk_msgs/msg/_index.js
Symlinking /home/hands/ros_ws/devel/share/gennodejs/ros/crtk_msgs/msg/StringStamped.js
Symlinking /home/hands/ros_ws/devel/share/gennodejs/ros/crtk_msgs/msg/operating_state.js
Symlinking /home/hands/ros_ws/devel/share/common-lisp/ros/crtk_msgs/srv/_package_trigger_operating_state.lisp
Symlinking /home/hands/ros_ws/devel/share/common-lisp/ros/crtk_msgs/srv/_package.lisp
Symlinking /home/hands/ros_ws/devel/share/common-lisp/ros/crtk_msgs/srv/crtk_msgs-srv.asd
Symlinking /home/hands/ros_ws/devel/share/common-lisp/ros/crtk_msgs/srv/trigger_operating_state.lisp
Symlinking /home/hands/ros_ws/devel/share/common-lisp/ros/crtk_msgs/msg/StringStamped.lisp
Symlinking /home/hands/ros_ws/devel/share/common-lisp/ros/crtk_msgs/msg/crtk_msgs-msg.asd
Symlinking /home/hands/ros_ws/devel/share/common-lisp/ros/crtk_msgs/msg/_package.lisp
Symlinking /home/hands/ros_ws/devel/share/common-lisp/ros/crtk_msgs/msg/operating_state.lisp
Symlinking /home/hands/ros_ws/devel/share/common-lisp/ros/crtk_msgs/msg/_package_operating_state.lisp
Symlinking /home/hands/ros_ws/devel/share/common-lisp/ros/crtk_msgs/msg/_package_StringStamped.lisp
Symlinking /home/hands/ros_ws/devel/share/crtk_msgs/cmake/crtk_msgsConfig.cmake
Symlinking /home/hands/ros_ws/devel/share/crtk_msgs/cmake/crtk_msgs-msg-extras.cmake
Symlinking /home/hands/ros_ws/devel/share/crtk_msgs/cmake/crtk_msgs-msg-paths.cmake
Symlinking /home/hands/ros_ws/devel/share/crtk_msgs/cmake/crtk_msgsConfig-version.cmake
Symlinking /home/hands/ros_ws/devel/share/roseus/ros/crtk_msgs/manifest.l
Symlinking /home/hands/ros_ws/devel/share/roseus/ros/crtk_msgs/srv/trigger_operating_state.l
Symlinking /home/hands/ros_ws/devel/share/roseus/ros/crtk_msgs/msg/operating_state.l
Symlinking /home/hands/ros_ws/devel/share/roseus/ros/crtk_msgs/msg/StringStamped.l
Symlinking /home/hands/ros_ws/devel/lib/python3/dist-packages/crtk_msgs/__init__.py
Symlinking /home/hands/ros_ws/devel/lib/python3/dist-packages/crtk_msgs/srv/_trigger_operating_state.py
Symlinking /home/hands/ros_ws/devel/lib/python3/dist-packages/crtk_msgs/srv/__init__.py
Symlinking /home/hands/ros_ws/devel/lib/python3/dist-packages/crtk_msgs/msg/_operating_state.py
Symlinking /home/hands/ros_ws/devel/lib/python3/dist-packages/crtk_msgs/msg/__init__.py
Symlinking /home/hands/ros_ws/devel/lib/python3/dist-packages/crtk_msgs/msg/_StringStamped.py
Symlinking /home/hands/ros_ws/devel/lib/pkgconfig/crtk_msgs.pc
Symlinking /home/hands/ros_ws/devel/include/crtk_msgs/operating_state.h
Symlinking /home/hands/ros_ws/devel/include/crtk_msgs/trigger_operating_stateResponse.h
Symlinking /home/hands/ros_ws/devel/include/crtk_msgs/trigger_operating_state.h
Symlinking /home/hands/ros_ws/devel/include/crtk_msgs/trigger_operating_stateRequest.h
Symlinking /home/hands/ros_ws/devel/include/crtk_msgs/StringStamped.h
