Not searching for unused variables given on the command line.
[36m--[0m The C compiler identification is GNU 9.4.0
[36m--[0m The CXX compiler identification is GNU 9.4.0
[36m--[0m Check for working C compiler: /usr/bin/cc
[36m--[0m Check for working C compiler: /usr/bin/cc -- works
[36m--[0m Detecting C compiler ABI info
[36m--[0m Detecting C compiler ABI info - done
[36m--[0m Detecting C compile features
[36m--[0m Detecting C compile features - done
[36m--[0m Check for working CXX compiler: /usr/bin/c++
[36m--[0m Check for working CXX compiler: /usr/bin/c++ -- works
[36m--[0m Detecting CXX compiler ABI info
[36m--[0m Detecting CXX compiler ABI info - done
[36m--[0m Detecting CXX compile features
[36m--[0m Detecting CXX compile features - done
[36m--[0m Performing Test CXX_SUPPORTS_WEXTRA
[36m--[0m Performing Test CXX_SUPPORTS_WEXTRA - Success
[36m--[0m Performing Test CXX_SUPPORTS_WALL
[36m--[0m Performing Test CXX_SUPPORTS_WALL - Success
[36m--[0m Assuming cisst is built using ROS/catkin since ROS_ROOT is defined in environment
CMake Warning (dev) at /usr/share/cmake-3.16/Modules/FindOpenGL.cmake:275 (message):
  Policy CMP0072 is not set: FindOpenGL prefers GLVND by default when
  available.  Run "cmake --help-policy CMP0072" for policy details.  Use the
  cmake_policy command to set the policy and suppress this warning.

  FindOpenGL found both a legacy GL library:

    OPENGL_gl_LIBRARY: /usr/lib/x86_64-linux-gnu/libGL.so

  and GLVND libraries for OpenGL and GLX:

    OPENGL_opengl_LIBRARY: /usr/lib/x86_64-linux-gnu/libOpenGL.so
    OPENGL_glx_LIBRARY: /usr/lib/x86_64-linux-gnu/libGLX.so

  OpenGL_GL_PREFERENCE has not been set to "GLVND" or "LEGACY", so for
  compatibility with CMake 3.10 and below the legacy GL library will be used.
[36mCall Stack (most recent call first):[0m
  cisst-dependencies/CMakeLists.txt:14 (find_package)
This warning is for project developers.  Use -Wno-dev to suppress it.

[36m--[0m Found OpenGL: /usr/lib/x86_64-linux-gnu/libOpenGL.so
[36m--[0m Found unsuitable Qt version "5.12.8" from /usr/bin/qmake
[36m--[0m Found X11: /usr/include
[36m--[0m Looking for XOpenDisplay in /usr/lib/x86_64-linux-gnu/libX11.so;/usr/lib/x86_64-linux-gnu/libXext.so
[36m--[0m Looking for XOpenDisplay in /usr/lib/x86_64-linux-gnu/libX11.so;/usr/lib/x86_64-linux-gnu/libXext.so - found
[36m--[0m Looking for gethostbyname
[36m--[0m Looking for gethostbyname - found
[36m--[0m Looking for connect
[36m--[0m Looking for connect - found
[36m--[0m Looking for remove
[36m--[0m Looking for remove - found
[36m--[0m Looking for shmat
[36m--[0m Looking for shmat - found
[36m--[0m Looking for IceConnectionNumber in ICE
[36m--[0m Looking for IceConnectionNumber in ICE - found
[36m--[0m Found FLTK: fltk_images;fltk_forms;fltk_gl;/usr/lib/x86_64-linux-gnu/libGL.so;fltk
[36m--[0m Found SWIG: /usr/bin/swig4.0 (found suitable version "4.0.1", minimum required is "1.3.36")
[36m--[0m Found PythonLibs: /usr/lib/x86_64-linux-gnu/libpython3.8.so (found version "3.8.10")
[36m--[0m Found PythonInterp: /usr/bin/python3.8 (found version "3.8.10")
[36m--[0m Found Numpy: /usr/lib/python3/dist-packages/numpy/core/include/numpy
[36m--[0m Found LibXml2: /usr/lib/x86_64-linux-gnu/libxml2.so (found version "2.9.10")
[36m--[0m Found PkgConfig: /usr/bin/pkg-config (found version "0.29.1")
[36m--[0m Checking for module 'jsoncpp'
[36m--[0m   Found jsoncpp, version 1.7.4
[36m--[0m Checking to see if size_t is a native type
[36m--[0m Checking to see if size_t is a native type - no
[36m--[0m Checking to see if long long and long are different types
[36m--[0m Checking to see if long long and long are different types - yes
[36m--[0m Performing Test CISST_HAS_STD_ISNAN
[36m--[0m Performing Test CISST_HAS_STD_ISNAN - Success
[36m--[0m Performing Test CISST_HAS_STD_ISFINITE
[36m--[0m Performing Test CISST_HAS_STD_ISFINITE - Success
[36m--[0m Looking for isfinite
[36m--[0m Looking for isfinite - found
[36m--[0m Looking for pthread.h
[36m--[0m Looking for pthread.h - found
[36m--[0m Performing Test CMAKE_HAVE_LIBC_PTHREAD
[36m--[0m Performing Test CMAKE_HAVE_LIBC_PTHREAD - Failed
[36m--[0m Looking for pthread_create in pthreads
[36m--[0m Looking for pthread_create in pthreads - not found
[36m--[0m Looking for pthread_create in pthread
[36m--[0m Looking for pthread_create in pthread - found
[36m--[0m Found Threads: TRUE
[36m--[0m Found SWIG: /usr/bin/swig4.0 (found version "4.0.1")
CMake Warning (dev) at /usr/share/cmake-3.16/Modules/UseSWIG.cmake:607 (message):
  Policy CMP0078 is not set: UseSWIG generates standard target names.  Run
  "cmake --help-policy CMP0078" for policy details.  Use the cmake_policy
  command to set the policy and suppress this warning.

[36mCall Stack (most recent call first):[0m
  cmake/cisstMacros.cmake:566 (swig_add_library)
  cisstCommon/codePython/CMakeLists.txt:17 (cisst_add_swig_module)
This warning is for project developers.  Use -Wno-dev to suppress it.

CMake Warning (dev) at /usr/share/cmake-3.16/Modules/UseSWIG.cmake:460 (message):
  Policy CMP0086 is not set: UseSWIG honors SWIG_MODULE_NAME via -module
  flag.  Run "cmake --help-policy CMP0086" for policy details.  Use the
  cmake_policy command to set the policy and suppress this warning.

[36mCall Stack (most recent call first):[0m
  /usr/share/cmake-3.16/Modules/UseSWIG.cmake:702 (SWIG_ADD_SOURCE_TO_MODULE)
  cmake/cisstMacros.cmake:566 (swig_add_library)
  cisstCommon/codePython/CMakeLists.txt:17 (cisst_add_swig_module)
This warning is for project developers.  Use -Wno-dev to suppress it.

CMake Warning (dev) at /usr/share/cmake-3.16/Modules/UseSWIG.cmake:607 (message):
  Policy CMP0078 is not set: UseSWIG generates standard target names.  Run
  "cmake --help-policy CMP0078" for policy details.  Use the cmake_policy
  command to set the policy and suppress this warning.

[36mCall Stack (most recent call first):[0m
  cmake/cisstMacros.cmake:566 (swig_add_library)
  cisstVector/codePython/CMakeLists.txt:16 (cisst_add_swig_module)
This warning is for project developers.  Use -Wno-dev to suppress it.

CMake Warning (dev) at /usr/share/cmake-3.16/Modules/UseSWIG.cmake:460 (message):
  Policy CMP0086 is not set: UseSWIG honors SWIG_MODULE_NAME via -module
  flag.  Run "cmake --help-policy CMP0086" for policy details.  Use the
  cmake_policy command to set the policy and suppress this warning.

[36mCall Stack (most recent call first):[0m
  /usr/share/cmake-3.16/Modules/UseSWIG.cmake:702 (SWIG_ADD_SOURCE_TO_MODULE)
  cmake/cisstMacros.cmake:566 (swig_add_library)
  cisstVector/codePython/CMakeLists.txt:16 (cisst_add_swig_module)
This warning is for project developers.  Use -Wno-dev to suppress it.

CMake Warning (dev) at /usr/share/cmake-3.16/Modules/UseSWIG.cmake:607 (message):
  Policy CMP0078 is not set: UseSWIG generates standard target names.  Run
  "cmake --help-policy CMP0078" for policy details.  Use the cmake_policy
  command to set the policy and suppress this warning.

[36mCall Stack (most recent call first):[0m
  cmake/cisstMacros.cmake:566 (swig_add_library)
  cisstOSAbstraction/codePython/CMakeLists.txt:18 (cisst_add_swig_module)
This warning is for project developers.  Use -Wno-dev to suppress it.

CMake Warning (dev) at /usr/share/cmake-3.16/Modules/UseSWIG.cmake:460 (message):
  Policy CMP0086 is not set: UseSWIG honors SWIG_MODULE_NAME via -module
  flag.  Run "cmake --help-policy CMP0086" for policy details.  Use the
  cmake_policy command to set the policy and suppress this warning.

[36mCall Stack (most recent call first):[0m
  /usr/share/cmake-3.16/Modules/UseSWIG.cmake:702 (SWIG_ADD_SOURCE_TO_MODULE)
  cmake/cisstMacros.cmake:566 (swig_add_library)
  cisstOSAbstraction/codePython/CMakeLists.txt:18 (cisst_add_swig_module)
This warning is for project developers.  Use -Wno-dev to suppress it.

CMake Warning (dev) at /usr/share/cmake-3.16/Modules/UseSWIG.cmake:607 (message):
  Policy CMP0078 is not set: UseSWIG generates standard target names.  Run
  "cmake --help-policy CMP0078" for policy details.  Use the cmake_policy
  command to set the policy and suppress this warning.

[36mCall Stack (most recent call first):[0m
  cmake/cisstMacros.cmake:566 (swig_add_library)
  cisstNumerical/codePython/CMakeLists.txt:18 (cisst_add_swig_module)
This warning is for project developers.  Use -Wno-dev to suppress it.

CMake Warning (dev) at /usr/share/cmake-3.16/Modules/UseSWIG.cmake:460 (message):
  Policy CMP0086 is not set: UseSWIG honors SWIG_MODULE_NAME via -module
  flag.  Run "cmake --help-policy CMP0086" for policy details.  Use the
  cmake_policy command to set the policy and suppress this warning.

[36mCall Stack (most recent call first):[0m
  /usr/share/cmake-3.16/Modules/UseSWIG.cmake:702 (SWIG_ADD_SOURCE_TO_MODULE)
  cmake/cisstMacros.cmake:566 (swig_add_library)
  cisstNumerical/codePython/CMakeLists.txt:18 (cisst_add_swig_module)
This warning is for project developers.  Use -Wno-dev to suppress it.

CMake Warning (dev) at cmake/cisstMacros.cmake:711 (get_target_property):
  Policy CMP0026 is not set: Disallow use of the LOCATION target property.
  Run "cmake --help-policy CMP0026" for policy details.  Use the cmake_policy
  command to set the policy and suppress this warning.

  The LOCATION property should not be read from target "cisstDataGenerator".
  Use the target name directly with add_custom_command, or use the generator
  expression $<TARGET_FILE>, as appropriate.

[36mCall Stack (most recent call first):[0m
  cisstMultiTask/code/CMakeLists.txt:15 (cisst_data_generator)
This warning is for project developers.  Use -Wno-dev to suppress it.

Information: all libraries and settings have been found for /home/hands/ros_ws/src/cisst-saw/cisst/cisstMultiTask/applications/cisstComponentManager, it is possible cisst-config.cmake has not been found yet,  make sure the CMake configuration is complete first.
Information: all libraries and settings have been found for /home/hands/ros_ws/src/cisst-saw/cisst/cisstMultiTask/applications/cisstLogger, it is possible cisst-config.cmake has not been found yet,  make sure the CMake configuration is complete first.
Information: code in /home/hands/ros_ws/src/cisst-saw/cisst/cisstMultiTask/applications/cisstIREComponent will not be compiled, it requires cisstInteractive.  You have to change your cisst configuration if you need these features.
CMake Warning (dev) at /usr/share/cmake-3.16/Modules/UseSWIG.cmake:607 (message):
  Policy CMP0078 is not set: UseSWIG generates standard target names.  Run
  "cmake --help-policy CMP0078" for policy details.  Use the cmake_policy
  command to set the policy and suppress this warning.

[36mCall Stack (most recent call first):[0m
  cmake/cisstMacros.cmake:566 (swig_add_library)
  cisstMultiTask/codePython/CMakeLists.txt:19 (cisst_add_swig_module)
This warning is for project developers.  Use -Wno-dev to suppress it.

CMake Warning (dev) at /usr/share/cmake-3.16/Modules/UseSWIG.cmake:460 (message):
  Policy CMP0086 is not set: UseSWIG honors SWIG_MODULE_NAME via -module
  flag.  Run "cmake --help-policy CMP0086" for policy details.  Use the
  cmake_policy command to set the policy and suppress this warning.

[36mCall Stack (most recent call first):[0m
  /usr/share/cmake-3.16/Modules/UseSWIG.cmake:702 (SWIG_ADD_SOURCE_TO_MODULE)
  cmake/cisstMacros.cmake:566 (swig_add_library)
  cisstMultiTask/codePython/CMakeLists.txt:19 (cisst_add_swig_module)
This warning is for project developers.  Use -Wno-dev to suppress it.

CMake Warning (dev) at cmake/cisstMacros.cmake:711 (get_target_property):
  Policy CMP0026 is not set: Disallow use of the LOCATION target property.
  Run "cmake --help-policy CMP0026" for policy details.  Use the cmake_policy
  command to set the policy and suppress this warning.

  The LOCATION property should not be read from target "cisstDataGenerator".
  Use the target name directly with add_custom_command, or use the generator
  expression $<TARGET_FILE>, as appropriate.

[36mCall Stack (most recent call first):[0m
  cisstParameterTypes/code/CMakeLists.txt:15 (cisst_data_generator)
This warning is for project developers.  Use -Wno-dev to suppress it.

CMake Warning (dev) at /usr/share/cmake-3.16/Modules/UseSWIG.cmake:607 (message):
  Policy CMP0078 is not set: UseSWIG generates standard target names.  Run
  "cmake --help-policy CMP0078" for policy details.  Use the cmake_policy
  command to set the policy and suppress this warning.

[36mCall Stack (most recent call first):[0m
  cmake/cisstMacros.cmake:566 (swig_add_library)
  cisstParameterTypes/codePython/CMakeLists.txt:16 (cisst_add_swig_module)
This warning is for project developers.  Use -Wno-dev to suppress it.

CMake Warning (dev) at /usr/share/cmake-3.16/Modules/UseSWIG.cmake:460 (message):
  Policy CMP0086 is not set: UseSWIG honors SWIG_MODULE_NAME via -module
  flag.  Run "cmake --help-policy CMP0086" for policy details.  Use the
  cmake_policy command to set the policy and suppress this warning.

[36mCall Stack (most recent call first):[0m
  /usr/share/cmake-3.16/Modules/UseSWIG.cmake:702 (SWIG_ADD_SOURCE_TO_MODULE)
  cmake/cisstMacros.cmake:566 (swig_add_library)
  cisstParameterTypes/codePython/CMakeLists.txt:16 (cisst_add_swig_module)
This warning is for project developers.  Use -Wno-dev to suppress it.

Information: code in /home/hands/ros_ws/src/cisst-saw/cisst/cisstRobot/applications/cisstRandomJoints will not be compiled, it requires cisstCommon;cisstVector;cisstOSAbstraction;cisstRobot;cisstNumerical
Information: code in /home/hands/ros_ws/src/cisst-saw/cisst/cisstRobot/applications/cisstForwardKinematics will not be compiled, it requires cisstCommon;cisstVector;cisstOSAbstraction;cisstRobot;cisstNumerical
Information: code in /home/hands/ros_ws/src/cisst-saw/cisst/cisstRobot/applications/cisstKinematicsIdentification will not be compiled, it requires cisstCommon;cisstVector;cisstOSAbstraction;cisstRobot;cisstNumerical
Information: code in /home/hands/ros_ws/src/cisst-saw/cisst/cisstRobot/applications/cisstRobotSensorCalibration will not be compiled, it requires cisstCommon;cisstVector;cisstOSAbstraction;cisstRobot;cisstNumerical
CMake Warning (dev) at /usr/share/cmake-3.16/Modules/UseSWIG.cmake:607 (message):
  Policy CMP0078 is not set: UseSWIG generates standard target names.  Run
  "cmake --help-policy CMP0078" for policy details.  Use the cmake_policy
  command to set the policy and suppress this warning.

[36mCall Stack (most recent call first):[0m
  cmake/cisstMacros.cmake:566 (swig_add_library)
  cisstRobot/codePython/CMakeLists.txt:17 (cisst_add_swig_module)
This warning is for project developers.  Use -Wno-dev to suppress it.

CMake Warning (dev) at /usr/share/cmake-3.16/Modules/UseSWIG.cmake:460 (message):
  Policy CMP0086 is not set: UseSWIG honors SWIG_MODULE_NAME via -module
  flag.  Run "cmake --help-policy CMP0086" for policy details.  Use the
  cmake_policy command to set the policy and suppress this warning.

[36mCall Stack (most recent call first):[0m
  /usr/share/cmake-3.16/Modules/UseSWIG.cmake:702 (SWIG_ADD_SOURCE_TO_MODULE)
  cmake/cisstMacros.cmake:566 (swig_add_library)
  cisstRobot/codePython/CMakeLists.txt:17 (cisst_add_swig_module)
This warning is for project developers.  Use -Wno-dev to suppress it.

CMake Warning (dev) at /usr/share/cmake-3.16/Modules/UseSWIG.cmake:607 (message):
  Policy CMP0078 is not set: UseSWIG generates standard target names.  Run
  "cmake --help-policy CMP0078" for policy details.  Use the cmake_policy
  command to set the policy and suppress this warning.

[36mCall Stack (most recent call first):[0m
  cmake/cisstMacros.cmake:566 (swig_add_library)
  cisstMesh/codePython/CMakeLists.txt:16 (cisst_add_swig_module)
This warning is for project developers.  Use -Wno-dev to suppress it.

CMake Warning (dev) at /usr/share/cmake-3.16/Modules/UseSWIG.cmake:460 (message):
  Policy CMP0086 is not set: UseSWIG honors SWIG_MODULE_NAME via -module
  flag.  Run "cmake --help-policy CMP0086" for policy details.  Use the
  cmake_policy command to set the policy and suppress this warning.

[36mCall Stack (most recent call first):[0m
  /usr/share/cmake-3.16/Modules/UseSWIG.cmake:702 (SWIG_ADD_SOURCE_TO_MODULE)
  cmake/cisstMacros.cmake:566 (swig_add_library)
  cisstMesh/codePython/CMakeLists.txt:16 (cisst_add_swig_module)
This warning is for project developers.  Use -Wno-dev to suppress it.

[33m[1mCMake Warning[0m at /home/hands/ros_ws/src/cisst-saw/cisst/share/CMakeLists.txt:18 (find_package):
  By not providing "Findcisst.cmake" in CMAKE_MODULE_PATH this project has
  asked CMake to find a package configuration file provided by "cisst", but
  CMake did not find one.

  Could not find a package configuration file provided by "cisst" with any of
  the following names:

    cisstConfig.cmake
    cisst-config.cmake

  Add the installation prefix of "cisst" to CMAKE_PREFIX_PATH or set
  "cisst_DIR" to a directory containing one of the above files.  If "cisst"
  provides a separate development package or SDK, be sure it has been
  installed.


[36m--[0m Configuring done
[36m--[0m Generating done
[36m--[0m Build files have been written to: /home/hands/ros_ws/build/cisst
