Fortran EXT_ETIME does not exist. 
 Change Dir: /home/hands/ros_ws/build/cisst_netlib/cisstNetlibLapack/src/cisstNetlib_Fortran-build/INSTALL

Run Build Command(s):/usr/bin/make secondtst_EXT_ETIME && make[3]: Entering directory '/home/hands/ros_ws/build/cisst_netlib/cisstNetlibLapack/src/cisstNetlib_Fortran-build/INSTALL'
make[4]: Entering directory '/home/hands/ros_ws/build/cisst_netlib/cisstNetlibLapack/src/cisstNetlib_Fortran-build/INSTALL'
make[5]: Entering directory '/home/hands/ros_ws/build/cisst_netlib/cisstNetlibLapack/src/cisstNetlib_Fortran-build/INSTALL'
make[6]: Entering directory '/home/hands/ros_ws/build/cisst_netlib/cisstNetlibLapack/src/cisstNetlib_Fortran-build/INSTALL'
Scanning dependencies of target secondtst_EXT_ETIME
make[6]: Leaving directory '/home/hands/ros_ws/build/cisst_netlib/cisstNetlibLapack/src/cisstNetlib_Fortran-build/INSTALL'
make[6]: Entering directory '/home/hands/ros_ws/build/cisst_netlib/cisstNetlibLapack/src/cisstNetlib_Fortran-build/INSTALL'
[ 33%] Building Fortran object CMakeFiles/secondtst_EXT_ETIME.dir/second_EXT_ETIME.f.o
[ 66%] Building Fortran object CMakeFiles/secondtst_EXT_ETIME.dir/secondtst.f.o
[100%] Linking Fortran executable secondtst_EXT_ETIME
/usr/bin/ld: CMakeFiles/secondtst_EXT_ETIME.dir/second_EXT_ETIME.f.o: in function `second_':
second_EXT_ETIME.f:(.text+0x10): undefined reference to `etime_'
collect2: error: ld returned 1 exit status
make[6]: *** [CMakeFiles/secondtst_EXT_ETIME.dir/build.make:99: secondtst_EXT_ETIME] Error 1
make[6]: Leaving directory '/home/hands/ros_ws/build/cisst_netlib/cisstNetlibLapack/src/cisstNetlib_Fortran-build/INSTALL'
make[5]: *** [CMakeFiles/Makefile2:196: CMakeFiles/secondtst_EXT_ETIME.dir/all] Error 2
make[5]: Leaving directory '/home/hands/ros_ws/build/cisst_netlib/cisstNetlibLapack/src/cisstNetlib_Fortran-build/INSTALL'
make[4]: *** [CMakeFiles/Makefile2:203: CMakeFiles/secondtst_EXT_ETIME.dir/rule] Error 2
make[4]: Leaving directory '/home/hands/ros_ws/build/cisst_netlib/cisstNetlibLapack/src/cisstNetlib_Fortran-build/INSTALL'
make[3]: *** [Makefile:170: secondtst_EXT_ETIME] Error 2
make[3]: Leaving directory '/home/hands/ros_ws/build/cisst_netlib/cisstNetlibLapack/src/cisstNetlib_Fortran-build/INSTALL'

 
Fortran EXT_ETIME_ does not exist. 
 Change Dir: /home/hands/ros_ws/build/cisst_netlib/cisstNetlibLapack/src/cisstNetlib_Fortran-build/INSTALL

Run Build Command(s):/usr/bin/make secondtst_EXT_ETIME_ && make[3]: Entering directory '/home/hands/ros_ws/build/cisst_netlib/cisstNetlibLapack/src/cisstNetlib_Fortran-build/INSTALL'
make[4]: Entering directory '/home/hands/ros_ws/build/cisst_netlib/cisstNetlibLapack/src/cisstNetlib_Fortran-build/INSTALL'
make[5]: Entering directory '/home/hands/ros_ws/build/cisst_netlib/cisstNetlibLapack/src/cisstNetlib_Fortran-build/INSTALL'
make[6]: Entering directory '/home/hands/ros_ws/build/cisst_netlib/cisstNetlibLapack/src/cisstNetlib_Fortran-build/INSTALL'
Scanning dependencies of target secondtst_EXT_ETIME_
make[6]: Leaving directory '/home/hands/ros_ws/build/cisst_netlib/cisstNetlibLapack/src/cisstNetlib_Fortran-build/INSTALL'
make[6]: Entering directory '/home/hands/ros_ws/build/cisst_netlib/cisstNetlibLapack/src/cisstNetlib_Fortran-build/INSTALL'
[ 33%] Building Fortran object CMakeFiles/secondtst_EXT_ETIME_.dir/second_EXT_ETIME_.f.o
[ 66%] Building Fortran object CMakeFiles/secondtst_EXT_ETIME_.dir/secondtst.f.o
[100%] Linking Fortran executable secondtst_EXT_ETIME_
/usr/bin/ld: CMakeFiles/secondtst_EXT_ETIME_.dir/second_EXT_ETIME_.f.o: in function `second_':
second_EXT_ETIME_.f:(.text+0x10): undefined reference to `etime__'
collect2: error: ld returned 1 exit status
make[6]: *** [CMakeFiles/secondtst_EXT_ETIME_.dir/build.make:99: secondtst_EXT_ETIME_] Error 1
make[6]: Leaving directory '/home/hands/ros_ws/build/cisst_netlib/cisstNetlibLapack/src/cisstNetlib_Fortran-build/INSTALL'
make[5]: *** [CMakeFiles/Makefile2:169: CMakeFiles/secondtst_EXT_ETIME_.dir/all] Error 2
make[5]: Leaving directory '/home/hands/ros_ws/build/cisst_netlib/cisstNetlibLapack/src/cisstNetlib_Fortran-build/INSTALL'
make[4]: *** [CMakeFiles/Makefile2:176: CMakeFiles/secondtst_EXT_ETIME_.dir/rule] Error 2
make[4]: Leaving directory '/home/hands/ros_ws/build/cisst_netlib/cisstNetlibLapack/src/cisstNetlib_Fortran-build/INSTALL'
make[3]: *** [Makefile:157: secondtst_EXT_ETIME_] Error 2
make[3]: Leaving directory '/home/hands/ros_ws/build/cisst_netlib/cisstNetlibLapack/src/cisstNetlib_Fortran-build/INSTALL'

 
